TN:
SF:lab/sample/export/ItineraryExporter.java
FN:23,toPrintable
FN:37,summary
FNDA:0,toPrintable
FNDA:0,summary
FNF:2
FNH:0
DA:23,0
DA:24,0
DA:25,0
BRDA:25,0,0,0
BRDA:25,0,1,0
DA:26,0
DA:27,0
DA:28,0
DA:29,0
DA:30,0
BRDA:30,0,0,0
BRDA:30,0,1,0
DA:31,0
DA:33,0
DA:37,0
BRF:4
BRH:0
LF:11
LH:0
end_of_record
TN:
SF:lab/sample/export/CsvExporter.java
FN:19,header
FN:24,toRow
FNDA:0,header
FNDA:0,toRow
FNF:2
FNH:0
DA:19,0
DA:24,0
DA:25,0
DA:26,0
DA:27,0
DA:28,0
BRDA:28,0,0,0
BRDA:28,0,1,0
DA:29,0
DA:30,0
BRF:2
BRH:0
LF:8
LH:0
end_of_record
TN:
SF:org/apache/commons/lang3/reflect/Typed.java
LF:0
LH:0
end_of_record
TN:
SF:org/apache/commons/lang3/reflect/ConstructorUtils.java
FN:64,getAccessibleConstructor
FN:84,getAccessibleConstructor
FN:109,getMatchingAccessibleConstructor
FN:166,invokeConstructor
FN:193,invokeConstructor
FN:229,invokeExactConstructor
FN:256,invokeExactConstructor
FN:273,isAccessible
FN:294,<init>
FNDA:0,getAccessibleConstructor
FNDA:0,getAccessibleConstructor
FNDA:0,getMatchingAccessibleConstructor
FNDA:0,invokeConstructor
FNDA:0,invokeConstructor
FNDA:0,invokeExactConstructor
FNDA:0,invokeExactConstructor
FNDA:0,isAccessible
FNDA:0,<init>
FNF:9
FNH:0
DA:64,0
DA:66,0
DA:67,0
DA:68,0
DA:84,0
DA:85,0
BRDA:85,0,0,0
BRDA:85,0,1,0
DA:86,0
BRDA:86,0,0,0
BRDA:86,0,1,0
DA:109,0
DA:113,0
DA:114,0
DA:117,0
DA:122,0
DA:125,0
BRDA:125,0,0,0
BRDA:125,0,1,0
DA:127,0
BRDA:127,0,0,0
BRDA:127,0,1,0
DA:129,0
DA:130,0
BRDA:130,0,0,0
BRDA:130,0,1,0
DA:131,0
DA:132,0
BRDA:132,0,0,0
BRDA:132,0,1,0
BRDA:132,0,2,0
BRDA:132,0,3,0
DA:135,0
DA:136,0
DA:141,0
DA:166,0
DA:167,0
DA:193,0
DA:194,0
DA:195,0
DA:196,0
BRDA:196,0,0,0
BRDA:196,0,1,0
DA:197,0
DA:198,0
DA:200,0
BRDA:200,0,0,0
BRDA:200,0,1,0
DA:201,0
DA:202,0
DA:204,0
DA:229,0
DA:230,0
DA:256,0
DA:257,0
DA:258,0
DA:259,0
BRDA:259,0,0,0
BRDA:259,0,1,0
DA:260,0
DA:262,0
DA:273,0
DA:274,0
BRDA:274,0,0,0
BRDA:274,0,1,0
DA:275,0
BRDA:275,0,0,0
BRDA:275,0,1,0
DA:276,0
DA:278,0
DA:280,0
DA:294,0
DA:296,0
BRF:24
BRH:0
LF:49
LH:0
end_of_record
TN:
SF:org/apache/commons/lang3/reflect/MethodUtils.java
FN:64,<clinit>
FN:75,distance
FN:108,getAccessibleMethod
FN:120,getAccessibleMethod
FN:161,getAccessibleMethodFromInterfaceNest
FN:203,getAccessibleMethodFromSuperclass
FN:224,getAllSuperclassesAndInterfaces
FN:273,getAnnotation
FN:323,getMatchingAccessibleMethod
FN:330,lambda$getMatchingAccessibleMethod$0
FN:380,getMatchingMethod
FN:384,lambda$getMatchingMethod$1
FN:390,lambda$getMatchingMethod$2
FN:402,lambda$getMatchingMethod$3
FN:404,lambda$getMatchingMethod$5
FN:405,lambda$getMatchingMethod$4
FN:439,getMethodObject
FN:457,getMethodsListWithAnnotation
FN:479,getMethodsListWithAnnotation
FN:485,lambda$getMethodsListWithAnnotation$7
FN:486,lambda$getMethodsListWithAnnotation$6
FN:503,getMethodsWithAnnotation
FN:523,getMethodsWithAnnotation
FN:536,getOverrideHierarchy
FN:582,getVarArgs
FN:590,lambda$getVarArgs$8
FN:598,lambda$getVarArgs$9
FN:633,invokeExactMethod
FN:657,invokeExactMethod
FN:683,invokeExactMethod
FN:715,invokeExactStaticMethod
FN:742,invokeExactStaticMethod
FN:772,invokeMethod
FN:801,invokeMethod
FN:827,invokeMethod
FN:875,invokeMethod
FN:904,invokeMethod
FN:931,invokeMethod
FN:961,invokeStaticMethod
FN:990,invokeStaticMethod
FN:1003,toVarArgs
FN:1021,<init>
FNDA:0,<clinit>
FNDA:0,distance
FNDA:0,getAccessibleMethod
FNDA:0,getAccessibleMethod
FNDA:0,getAccessibleMethodFromInterfaceNest
FNDA:0,getAccessibleMethodFromSuperclass
FNDA:0,getAllSuperclassesAndInterfaces
FNDA:0,getAnnotation
FNDA:0,getMatchingAccessibleMethod
FNDA:0,lambda$getMatchingAccessibleMethod$0
FNDA:0,getMatchingMethod
FNDA:0,lambda$getMatchingMethod$1
FNDA:0,lambda$getMatchingMethod$2
FNDA:0,lambda$getMatchingMethod$3
FNDA:0,lambda$getMatchingMethod$5
FNDA:0,lambda$getMatchingMethod$4
FNDA:0,getMethodObject
FNDA:0,getMethodsListWithAnnotation
FNDA:0,getMethodsListWithAnnotation
FNDA:0,lambda$getMethodsListWithAnnotation$7
FNDA:0,lambda$getMethodsListWithAnnotation$6
FNDA:0,getMethodsWithAnnotation
FNDA:0,getMethodsWithAnnotation
FNDA:0,getOverrideHierarchy
FNDA:0,getVarArgs
FNDA:0,lambda$getVarArgs$8
FNDA:0,lambda$getVarArgs$9
FNDA:0,invokeExactMethod
FNDA:0,invokeExactMethod
FNDA:0,invokeExactMethod
FNDA:0,invokeExactStaticMethod
FNDA:0,invokeExactStaticMethod
FNDA:0,invokeMethod
FNDA:0,invokeMethod
FNDA:0,invokeMethod
FNDA:0,invokeMethod
FNDA:0,invokeMethod
FNDA:0,invokeMethod
FNDA:0,invokeStaticMethod
FNDA:0,invokeStaticMethod
FNDA:0,toVarArgs
FNDA:0,<init>
FNF:42
FNH:0
DA:64,0
DA:75,0
DA:77,0
BRDA:77,0,0,0
BRDA:77,0,1,0
DA:78,0
DA:80,0
BRDA:80,0,0,0
BRDA:80,0,1,0
DA:82,0
DA:83,0
DA:84,0
BRDA:84,0,0,0
BRDA:84,0,1,0
BRDA:84,0,2,0
BRDA:84,0,3,0
DA:85,0
DA:87,0
BRDA:87,0,0,0
BRDA:87,0,1,0
DA:88,0
BRDA:88,0,0,0
BRDA:88,0,1,0
DA:89,0
DA:91,0
DA:95,0
DA:108,0
DA:120,0
BRDA:120,0,0,0
BRDA:120,0,1,0
DA:121,0
DA:124,0
DA:125,0
BRDA:125,0,0,0
BRDA:125,0,1,0
DA:126,0
DA:128,0
DA:129,0
DA:132,0
DA:136,0
BRDA:136,0,0,0
BRDA:136,0,1,0
DA:137,0
DA:140,0
DA:161,0
BRDA:161,0,0,0
BRDA:161,0,1,0
DA:164,0
DA:165,0
BRDA:165,0,0,0
BRDA:165,0,1,0
DA:167,0
BRDA:167,0,0,0
BRDA:167,0,1,0
DA:168,0
DA:172,0
DA:174,0
DA:181,0
DA:183,0
BRDA:183,0,0,0
BRDA:183,0,1,0
DA:184,0
DA:188,0
DA:203,0
DA:204,0
BRDA:204,0,0,0
BRDA:204,0,1,0
DA:205,0
BRDA:205,0,0,0
BRDA:205,0,1,0
DA:206,0
DA:208,0
DA:210,0
DA:224,0
BRDA:224,0,0,0
BRDA:224,0,1,0
DA:225,0
DA:228,0
DA:229,0
DA:230,0
DA:231,0
DA:232,0
DA:233,0
BRDA:233,0,0,0
BRDA:233,0,1,0
DA:234,0
BRDA:234,0,0,0
BRDA:234,0,1,0
DA:236,0
BRDA:236,0,0,0
BRDA:236,0,1,0
DA:237,0
DA:238,0
BRDA:238,0,0,0
BRDA:238,0,1,0
BRDA:238,0,2,0
BRDA:238,0,3,0
DA:239,0
DA:241,0
DA:243,0
DA:244,0
DA:245,0
DA:273,0
DA:274,0
DA:275,0
BRDA:275,0,0,0
BRDA:275,0,1,0
BRDA:275,0,2,0
BRDA:275,0,3,0
DA:276,0
DA:279,0
DA:281,0
BRDA:281,0,0,0
BRDA:281,0,1,0
BRDA:281,0,2,0
BRDA:281,0,3,0
DA:282,0
DA:283,0
DA:284,0
BRDA:284,0,0,0
BRDA:284,0,1,0
DA:285,0
BRDA:285,0,0,0
BRDA:285,0,1,0
DA:286,0
DA:287,0
BRDA:287,0,0,0
BRDA:287,0,1,0
DA:288,0
DA:289,0
BRDA:289,0,0,0
BRDA:289,0,1,0
DA:290,0
DA:293,0
DA:296,0
DA:323,0
DA:324,0
BRDA:324,0,0,0
BRDA:324,0,1,0
DA:325,0
DA:328,0
DA:329,0
DA:330,0
BRDA:330,0,0,0
BRDA:330,0,1,0
BRDA:330,0,2,0
BRDA:330,0,3,0
DA:333,0
DA:335,0
DA:336,0
BRDA:336,0,0,0
BRDA:336,0,1,0
DA:338,0
DA:339,0
BRDA:339,0,0,0
BRDA:339,0,1,0
BRDA:339,0,2,0
BRDA:339,0,3,0
BRDA:339,0,4,0
BRDA:339,0,5,0
DA:340,0
DA:342,0
DA:343,0
BRDA:343,0,0,0
BRDA:343,0,1,0
DA:344,0
DA:347,0
BRDA:347,0,0,0
BRDA:347,0,1,0
BRDA:347,0,2,0
BRDA:347,0,3,0
BRDA:347,0,4,0
BRDA:347,0,5,0
BRDA:347,0,6,0
BRDA:347,0,7,0
DA:348,0
DA:349,0
DA:350,0
DA:352,0
DA:353,0
BRDA:353,0,0,0
BRDA:353,0,1,0
DA:354,0
BRDA:354,0,0,0
BRDA:354,0,1,0
DA:356,0
BRDA:356,0,0,0
BRDA:356,0,1,0
BRDA:356,0,2,0
BRDA:356,0,3,0
BRDA:356,0,4,0
BRDA:356,0,5,0
DA:357,0
BRDA:357,0,0,0
BRDA:357,0,1,0
DA:358,0
DA:362,0
DA:380,0
DA:381,0
DA:383,0
DA:384,0
DA:385,0
DA:387,0
DA:388,0
DA:389,0
DA:390,0
DA:391,0
DA:393,0
BRDA:393,0,0,0
BRDA:393,0,1,0
DA:394,0
BRDA:394,0,0,0
BRDA:394,0,1,0
DA:395,0
DA:397,0
DA:399,0
DA:401,0
DA:402,0
DA:403,0
DA:404,0
DA:405,0
DA:406,0
DA:407,0
DA:409,0
BRDA:409,0,0,0
BRDA:409,0,1,0
DA:410,0
DA:413,0
DA:414,0
BRDA:414,0,0,0
BRDA:414,0,1,0
BRDA:414,0,2,0
BRDA:414,0,3,0
DA:415,0
DA:416,0
DA:419,0
DA:420,0
DA:421,0
DA:422,0
DA:423,0
DA:439,0
DA:440,0
DA:441,0
DA:457,0
DA:479,0
DA:480,0
DA:481,0
BRDA:481,0,0,0
BRDA:481,0,1,0
DA:482,0
DA:483,0
DA:484,0
DA:485,0
BRDA:485,0,0,0
BRDA:485,0,1,0
DA:486,0
DA:487,0
DA:488,0
DA:503,0
DA:523,0
DA:536,0
DA:537,0
DA:538,0
DA:540,0
DA:542,0
DA:544,0
DA:546,0
DA:547,0
BRDA:547,0,0,0
BRDA:547,0,1,0
DA:548,0
DA:549,0
DA:550,0
BRDA:550,0,0,0
BRDA:550,0,1,0
DA:551,0
DA:553,0
BRDA:553,0,0,0
BRDA:553,0,1,0
DA:555,0
DA:556,0
DA:559,0
DA:560,0
BRDA:560,0,0,0
BRDA:560,0,1,0
DA:561,0
DA:562,0
DA:563,0
BRDA:563,0,0,0
BRDA:563,0,1,0
DA:564,0
DA:567,0
DA:568,0
DA:569,0
DA:582,0
BRDA:582,0,0,0
BRDA:582,0,1,0
BRDA:582,0,2,0
BRDA:582,0,3,0
DA:583,0
BRDA:583,0,0,0
BRDA:583,0,1,0
DA:585,0
DA:590,0
DA:593,0
DA:594,0
DA:597,0
DA:598,0
DA:600,0
BRDA:600,0,0,0
BRDA:600,0,1,0
DA:602,0
DA:606,0
DA:609,0
DA:633,0
DA:657,0
DA:658,0
DA:683,0
DA:684,0
DA:685,0
DA:686,0
DA:687,0
DA:688,0
BRDA:688,0,0,0
BRDA:688,0,1,0
DA:689,0
DA:691,0
DA:715,0
DA:716,0
DA:742,0
DA:743,0
DA:744,0
DA:745,0
BRDA:745,0,0,0
BRDA:745,0,1,0
DA:746,0
DA:747,0
DA:749,0
DA:772,0
DA:801,0
DA:802,0
DA:827,0
DA:828,0
DA:829,0
DA:834,0
DA:835,0
BRDA:835,0,0,0
BRDA:835,0,1,0
DA:836,0
DA:837,0
DA:838,0
BRDA:838,0,0,0
BRDA:838,0,1,0
BRDA:838,0,2,0
BRDA:838,0,3,0
DA:839,0
DA:842,0
DA:843,0
DA:846,0
BRDA:846,0,0,0
BRDA:846,0,1,0
DA:847,0
DA:849,0
DA:851,0
DA:875,0
DA:904,0
DA:905,0
DA:931,0
DA:961,0
DA:962,0
DA:990,0
DA:991,0
DA:992,0
DA:994,0
BRDA:994,0,0,0
BRDA:994,0,1,0
DA:995,0
DA:996,0
DA:998,0
DA:999,0
DA:1003,0
BRDA:1003,0,0,0
BRDA:1003,0,1,0
DA:1004,0
DA:1005,0
DA:1007,0
DA:1021,0
DA:1023,0
BRF:142
BRH:0
LF:246
LH:0
end_of_record
TN:
SF:org/apache/commons/lang3/reflect/MemberUtils.java
FN:33,<init>
FN:74,<clinit>
FN:91,compareConstructorFit
FN:108,compareMethodFit
FN:124,compareParameterTypes
FN:138,getObjectTransformationCost
FN:173,getPrimitivePromotionCost
FN:202,getTotalTransformationCost
FN:247,isAccessible
FN:251,isMatchingConstructor
FN:255,isMatchingExecutable
FN:278,isMatchingMethod
FN:288,isPackageAccess
FN:298,isPublic
FN:308,isStatic
FN:327,setAccessibleWorkaround
FN:42,of
FN:45,of
FN:52,<init>
FN:57,<init>
FN:63,getParameterTypes
FN:67,isVarArgs
FNDA:0,<init>
FNDA:0,<clinit>
FNDA:0,compareConstructorFit
FNDA:0,compareMethodFit
FNDA:0,compareParameterTypes
FNDA:0,getObjectTransformationCost
FNDA:0,getPrimitivePromotionCost
FNDA:0,getTotalTransformationCost
FNDA:0,isAccessible
FNDA:0,isMatchingConstructor
FNDA:0,isMatchingExecutable
FNDA:0,isMatchingMethod
FNDA:0,isPackageAccess
FNDA:0,isPublic
FNDA:0,isStatic
FNDA:0,setAccessibleWorkaround
FNDA:0,of
FNDA:0,of
FNDA:0,<init>
FNDA:0,<init>
FNDA:0,getParameterTypes
FNDA:0,isVarArgs
FNF:22
FNH:0
DA:33,0
DA:42,0
DA:45,0
DA:52,0
DA:53,0
DA:54,0
DA:55,0
DA:57,0
DA:58,0
DA:59,0
DA:60,0
DA:63,0
DA:67,0
DA:74,0
DA:91,0
DA:108,0
DA:124,0
DA:125,0
DA:126,0
DA:138,0
BRDA:138,0,0,0
BRDA:138,0,1,0
DA:139,0
DA:141,0
DA:142,0
BRDA:142,0,0,0
BRDA:142,0,1,0
BRDA:142,0,2,0
BRDA:142,0,3,0
DA:143,0
BRDA:143,0,0,0
BRDA:143,0,1,0
BRDA:143,0,2,0
BRDA:143,0,3,0
DA:149,0
DA:150,0
DA:152,0
DA:153,0
DA:159,0
BRDA:159,0,0,0
BRDA:159,0,1,0
DA:160,0
DA:162,0
DA:173,0
BRDA:173,0,0,0
BRDA:173,0,1,0
DA:174,0
DA:176,0
DA:177,0
DA:178,0
BRDA:178,0,0,0
BRDA:178,0,1,0
DA:180,0
DA:181,0
DA:183,0
BRDA:183,0,0,0
BRDA:183,0,1,0
BRDA:183,0,2,0
BRDA:183,0,3,0
DA:184,0
BRDA:184,0,0,0
BRDA:184,0,1,0
DA:185,0
DA:186,0
BRDA:186,0,0,0
BRDA:186,0,1,0
DA:187,0
DA:191,0
DA:202,0
DA:203,0
DA:206,0
DA:207,0
BRDA:207,0,0,0
BRDA:207,0,1,0
DA:208,0
BRDA:208,0,0,0
BRDA:208,0,1,0
DA:209,0
DA:211,0
BRDA:211,0,0,0
BRDA:211,0,1,0
DA:212,0
DA:214,0
BRDA:214,0,0,0
BRDA:214,0,1,0
DA:217,0
BRDA:217,0,0,0
BRDA:217,0,1,0
DA:218,0
BRDA:218,0,0,0
BRDA:218,0,1,0
BRDA:218,0,2,0
BRDA:218,0,3,0
DA:219,0
BRDA:219,0,0,0
BRDA:219,0,1,0
DA:221,0
DA:222,0
DA:223,0
BRDA:223,0,0,0
BRDA:223,0,1,0
DA:225,0
DA:226,0
BRDA:226,0,0,0
BRDA:226,0,1,0
DA:227,0
DA:228,0
DA:229,0
DA:231,0
BRDA:231,0,0,0
BRDA:231,0,1,0
DA:232,0
DA:233,0
DA:237,0
DA:247,0
BRDA:247,0,0,0
BRDA:247,0,1,0
BRDA:247,0,2,0
BRDA:247,0,3,0
DA:251,0
DA:255,0
DA:256,0
BRDA:256,0,0,0
BRDA:256,0,1,0
DA:257,0
DA:259,0
BRDA:259,0,0,0
BRDA:259,0,1,0
DA:261,0
BRDA:261,0,0,0
BRDA:261,0,1,0
BRDA:261,0,2,0
BRDA:261,0,3,0
DA:262,0
BRDA:262,0,0,0
BRDA:262,0,1,0
DA:263,0
DA:266,0
DA:267,0
BRDA:267,0,0,0
BRDA:267,0,1,0
DA:268,0
BRDA:268,0,0,0
BRDA:268,0,1,0
DA:269,0
DA:272,0
DA:274,0
DA:278,0
DA:288,0
BRDA:288,0,0,0
BRDA:288,0,1,0
DA:298,0
BRDA:298,0,0,0
BRDA:298,0,1,0
BRDA:298,0,2,0
BRDA:298,0,3,0
DA:308,0
BRDA:308,0,0,0
BRDA:308,0,1,0
BRDA:308,0,2,0
BRDA:308,0,3,0
DA:327,0
BRDA:327,0,0,0
BRDA:327,0,1,0
BRDA:327,0,2,0
BRDA:327,0,3,0
DA:328,0
DA:330,0
DA:331,0
BRDA:331,0,0,0
BRDA:331,0,1,0
BRDA:331,0,2,0
BRDA:331,0,3,0
BRDA:331,0,4,0
BRDA:331,0,5,0
DA:333,0
DA:334,0
DA:335,0
DA:339,0
BRF:84
BRH:0
LF:95
LH:0
end_of_record
TN:
SF:org/apache/commons/lang3/reflect/TypeLiteral.java
FN:79,<clinit>
FN:91,<init>
FN:101,equals
FN:113,getType
FN:118,hashCode
FN:123,toString
FNDA:0,<clinit>
FNDA:0,<init>
FNDA:0,equals
FNDA:0,getType
FNDA:0,hashCode
FNDA:0,toString
FNF:6
FNH:0
DA:79,0
DA:91,0
DA:92,0
DA:93,0
DA:94,0
DA:96,0
DA:97,0
DA:101,0
BRDA:101,0,0,0
BRDA:101,0,1,0
DA:102,0
DA:104,0
BRDA:104,0,0,0
BRDA:104,0,1,0
DA:105,0
DA:107,0
DA:108,0
DA:113,0
DA:118,0
DA:123,0
BRF:4
BRH:0
LF:16
LH:0
end_of_record
TN:
SF:org/apache/commons/lang3/reflect/FieldUtils.java
FN:57,getAllFields
FN:71,getAllFieldsList
FN:96,getDeclaredField
FN:118,getDeclaredField
FN:150,getField
FN:171,getField
FN:233,getFieldsListWithAnnotation
FN:234,lambda$getFieldsListWithAnnotation$0
FN:249,getFieldsWithAnnotation
FN:268,readDeclaredField
FN:291,readDeclaredField
FN:316,readDeclaredStaticField
FN:339,readDeclaredStaticField
FN:359,readField
FN:379,readField
FN:404,readField
FN:427,readField
FN:451,readStaticField
FN:474,readStaticField
FN:494,readStaticField
FN:514,readStaticField
FN:529,removeFinalModifier
FN:550,removeFinalModifier
FN:597,writeDeclaredField
FN:621,writeDeclaredField
FN:646,writeDeclaredStaticField
FN:670,writeDeclaredStaticField
FN:693,writeField
FN:718,writeField
FN:745,writeField
FN:771,writeField
FN:797,writeStaticField
FN:822,writeStaticField
FN:843,writeStaticField
FN:865,writeStaticField
FN:880,<init>
FNDA:0,getAllFields
FNDA:0,getAllFieldsList
FNDA:0,getDeclaredField
FNDA:0,getDeclaredField
FNDA:0,getField
FNDA:0,getField
FNDA:0,getFieldsListWithAnnotation
FNDA:0,lambda$getFieldsListWithAnnotation$0
FNDA:0,getFieldsWithAnnotation
FNDA:0,readDeclaredField
FNDA:0,readDeclaredField
FNDA:0,readDeclaredStaticField
FNDA:0,readDeclaredStaticField
FNDA:0,readField
FNDA:0,readField
FNDA:0,readField
FNDA:0,readField
FNDA:0,readStaticField
FNDA:0,readStaticField
FNDA:0,readStaticField
FNDA:0,readStaticField
FNDA:0,removeFinalModifier
FNDA:0,removeFinalModifier
FNDA:0,writeDeclaredField
FNDA:0,writeDeclaredField
FNDA:0,writeDeclaredStaticField
FNDA:0,writeDeclaredStaticField
FNDA:0,writeField
FNDA:0,writeField
FNDA:0,writeField
FNDA:0,writeField
FNDA:0,writeStaticField
FNDA:0,writeStaticField
FNDA:0,writeStaticField
FNDA:0,writeStaticField
FNDA:0,<init>
FNF:36
FNH:0
DA:57,0
DA:71,0
DA:72,0
DA:73,0
DA:74,0
BRDA:74,0,0,0
BRDA:74,0,1,0
DA:75,0
DA:76,0
DA:77,0
DA:78,0
DA:79,0
DA:96,0
DA:118,0
DA:119,0
DA:122,0
DA:123,0
BRDA:123,0,0,0
BRDA:123,0,1,0
DA:124,0
BRDA:124,0,0,0
BRDA:124,0,1,0
DA:125,0
DA:127,0
DA:129,0
DA:130,0
DA:133,0
DA:150,0
DA:171,0
DA:172,0
DA:188,0
BRDA:188,0,0,0
BRDA:188,0,1,0
DA:190,0
DA:193,0
BRDA:193,0,0,0
BRDA:193,0,1,0
DA:194,0
BRDA:194,0,0,0
BRDA:194,0,1,0
DA:195,0
DA:197,0
DA:199,0
DA:200,0
DA:207,0
DA:208,0
BRDA:208,0,0,0
BRDA:208,0,1,0
DA:210,0
DA:211,0
BRDA:211,0,0,0
BRDA:211,0,1,0
DA:213,0
DA:214,0
DA:216,0
DA:217,0
DA:218,0
DA:233,0
DA:234,0
BRDA:234,0,0,0
BRDA:234,0,1,0
DA:249,0
DA:268,0
DA:291,0
DA:292,0
DA:293,0
DA:294,0
BRDA:294,0,0,0
BRDA:294,0,1,0
DA:296,0
DA:316,0
DA:339,0
DA:340,0
DA:342,0
DA:359,0
DA:379,0
DA:380,0
BRDA:380,0,0,0
BRDA:380,0,1,0
BRDA:380,0,2,0
BRDA:380,0,3,0
DA:381,0
DA:383,0
DA:385,0
DA:404,0
DA:427,0
DA:428,0
DA:429,0
DA:430,0
BRDA:430,0,0,0
BRDA:430,0,1,0
DA:432,0
DA:451,0
DA:474,0
DA:475,0
DA:477,0
DA:494,0
DA:514,0
DA:515,0
DA:516,0
DA:529,0
DA:530,0
DA:550,0
DA:553,0
BRDA:553,0,0,0
BRDA:553,0,1,0
DA:555,0
DA:556,0
BRDA:556,0,0,0
BRDA:556,0,1,0
BRDA:556,0,2,0
BRDA:556,0,3,0
DA:557,0
BRDA:557,0,0,0
BRDA:557,0,1,0
DA:558,0
DA:561,0
DA:563,0
BRDA:563,0,0,0
BRDA:563,0,1,0
DA:564,0
DA:568,0
DA:569,0
BRDA:569,0,0,0
BRDA:569,0,1,0
DA:570,0
DA:576,0
DA:577,0
DA:597,0
DA:598,0
DA:621,0
DA:622,0
DA:623,0
DA:624,0
BRDA:624,0,0,0
BRDA:624,0,1,0
DA:626,0
DA:627,0
DA:646,0
DA:647,0
DA:670,0
DA:671,0
DA:673,0
DA:674,0
DA:693,0
DA:694,0
DA:718,0
DA:719,0
BRDA:719,0,0,0
BRDA:719,0,1,0
BRDA:719,0,2,0
BRDA:719,0,3,0
DA:720,0
DA:722,0
DA:724,0
DA:725,0
DA:745,0
DA:746,0
DA:771,0
DA:772,0
DA:773,0
DA:774,0
BRDA:774,0,0,0
BRDA:774,0,1,0
DA:776,0
DA:777,0
DA:797,0
DA:798,0
DA:822,0
DA:823,0
DA:825,0
DA:826,0
DA:843,0
DA:844,0
DA:865,0
DA:866,0
DA:867,0
DA:868,0
DA:869,0
DA:880,0
DA:882,0
BRF:46
BRH:0
LF:135
LH:0
end_of_record
TN:
SF:org/apache/commons/lang3/reflect/InheritanceUtils.java
FN:38,distance
FN:67,<init>
FNDA:0,distance
FNDA:0,<init>
FNF:2
FNH:0
DA:38,0
BRDA:38,0,0,0
BRDA:38,0,1,0
BRDA:38,0,2,0
BRDA:38,0,3,0
DA:39,0
DA:42,0
BRDA:42,0,0,0
BRDA:42,0,1,0
DA:43,0
DA:46,0
DA:47,0
DA:49,0
BRDA:49,0,0,0
BRDA:49,0,1,0
DA:50,0
DA:52,0
DA:53,0
BRDA:53,0,0,0
BRDA:53,0,1,0
DA:67,0
DA:69,0
BRF:10
BRH:0
LF:12
LH:0
end_of_record
TN:
SF:org/apache/commons/lang3/reflect/TypeUtils.java
FN:292,<clinit>
FN:294,lambda$static$0
FN:304,lambda$static$1
FN:316,lambda$static$2
FN:328,anyToString
FN:332,appendRecursiveTypes
FN:349,classToString
FN:376,containsTypeVariables
FN:401,containsVariableTypeSameParametrizedTypeBound
FN:426,determineTypeArguments
FN:467,equals
FN:478,equals
FN:496,equals
FN:519,equals
FN:538,equals
FN:554,extractTypeArgumentsFrom
FN:564,findRecursiveTypes
FN:583,genericArrayType
FN:593,genericArrayTypeToString
FN:603,getArrayComponentType
FN:622,getClosestParentType
FN:667,getImplicitBounds
FN:682,getImplicitLowerBounds
FN:697,getImplicitUpperBounds
FN:711,getRawType
FN:735,getRawType
FN:806,getTypeArguments
FN:843,getTypeArguments
FN:856,getTypeArguments
FN:921,getTypeArguments
FN:933,getTypeArguments
FN:979,isArrayType
FN:990,isAssignable
FN:1054,isAssignable
FN:1125,isAssignable
FN:1195,isAssignable
FN:1207,isAssignable
FN:1239,isAssignable
FN:1283,isAssignable
FN:1364,isCyclical
FN:1382,isInstance
FN:1400,mapTypeVariablesToArguments
FN:1460,normalizeUpperBounds
FN:1496,parameterize
FN:1511,parameterize
FN:1521,parameterizedTypeToString
FN:1554,parameterizeWithOwner
FN:1571,parameterizeWithOwner
FN:1598,substituteTypeVariables
FN:1618,toLongString
FN:1648,toString
FN:1677,typesSatisfyVariables
FN:1700,typeVariableToString
FN:1717,unrollBounds
FN:1740,unrollVariableAssignments
FN:1758,unrollVariables
FN:1799,wildcardType
FN:1809,wildcardTypeToString
FN:1829,wrap
FN:1841,wrap
FN:1841,lambda$wrap$3
FN:1854,<init>
FN:199,build
FN:209,withLowerBounds
FN:220,withUpperBounds
FN:63,<init>
FN:72,equals
FN:80,getGenericComponentType
FN:88,hashCode
FN:98,toString
FN:117,<init>
FN:128,equals
FN:136,getActualTypeArguments
FN:144,getOwnerType
FN:152,getRawType
FN:160,hashCode
FN:174,toString
FN:238,<init>
FN:248,equals
FN:256,getLowerBounds
FN:264,getUpperBounds
FN:272,hashCode
FN:284,toString
FNDA:0,<clinit>
FNDA:0,lambda$static$0
FNDA:0,lambda$static$1
FNDA:0,lambda$static$2
FNDA:0,anyToString
FNDA:0,appendRecursiveTypes
FNDA:0,classToString
FNDA:0,containsTypeVariables
FNDA:0,containsVariableTypeSameParametrizedTypeBound
FNDA:0,determineTypeArguments
FNDA:0,equals
FNDA:0,equals
FNDA:0,equals
FNDA:0,equals
FNDA:0,equals
FNDA:0,extractTypeArgumentsFrom
FNDA:0,findRecursiveTypes
FNDA:0,genericArrayType
FNDA:0,genericArrayTypeToString
FNDA:0,getArrayComponentType
FNDA:0,getClosestParentType
FNDA:0,getImplicitBounds
FNDA:0,getImplicitLowerBounds
FNDA:0,getImplicitUpperBounds
FNDA:0,getRawType
FNDA:0,getRawType
FNDA:0,getTypeArguments
FNDA:0,getTypeArguments
FNDA:0,getTypeArguments
FNDA:0,getTypeArguments
FNDA:0,getTypeArguments
FNDA:0,isArrayType
FNDA:0,isAssignable
FNDA:0,isAssignable
FNDA:0,isAssignable
FNDA:0,isAssignable
FNDA:0,isAssignable
FNDA:0,isAssignable
FNDA:0,isAssignable
FNDA:0,isCyclical
FNDA:0,isInstance
FNDA:0,mapTypeVariablesToArguments
FNDA:0,normalizeUpperBounds
FNDA:0,parameterize
FNDA:0,parameterize
FNDA:0,parameterizedTypeToString
FNDA:0,parameterizeWithOwner
FNDA:0,parameterizeWithOwner
FNDA:0,substituteTypeVariables
FNDA:0,toLongString
FNDA:0,toString
FNDA:0,typesSatisfyVariables
FNDA:0,typeVariableToString
FNDA:0,unrollBounds
FNDA:0,unrollVariableAssignments
FNDA:0,unrollVariables
FNDA:0,wildcardType
FNDA:0,wildcardTypeToString
FNDA:0,wrap
FNDA:0,wrap
FNDA:0,lambda$wrap$3
FNDA:0,<init>
FNDA:0,build
FNDA:0,withLowerBounds
FNDA:0,withUpperBounds
FNDA:0,<init>
FNDA:0,equals
FNDA:0,getGenericComponentType
FNDA:0,hashCode
FNDA:0,toString
FNDA:0,<init>
FNDA:0,equals
FNDA:0,getActualTypeArguments
FNDA:0,getOwnerType
FNDA:0,getRawType
FNDA:0,hashCode
FNDA:0,toString
FNDA:0,<init>
FNDA:0,equals
FNDA:0,getLowerBounds
FNDA:0,getUpperBounds
FNDA:0,hashCode
FNDA:0,toString
FNF:83
FNH:0
DA:63,0
DA:64,0
DA:65,0
DA:72,0
BRDA:72,0,0,0
BRDA:72,0,1,0
BRDA:72,0,2,0
BRDA:72,0,3,0
BRDA:72,0,4,0
BRDA:72,0,5,0
DA:80,0
DA:88,0
DA:89,0
DA:90,0
DA:98,0
DA:117,0
DA:118,0
DA:119,0
DA:120,0
DA:121,0
DA:128,0
BRDA:128,0,0,0
BRDA:128,0,1,0
BRDA:128,0,2,0
BRDA:128,0,3,0
BRDA:128,0,4,0
BRDA:128,0,5,0
DA:136,0
DA:144,0
DA:152,0
DA:160,0
DA:161,0
DA:162,0
DA:163,0
DA:164,0
DA:165,0
DA:166,0
DA:174,0
DA:199,0
DA:209,0
DA:210,0
DA:220,0
DA:221,0
DA:238,0
DA:239,0
DA:240,0
DA:241,0
DA:248,0
BRDA:248,0,0,0
BRDA:248,0,1,0
BRDA:248,0,2,0
BRDA:248,0,3,0
BRDA:248,0,4,0
BRDA:248,0,5,0
DA:256,0
DA:264,0
DA:272,0
DA:273,0
DA:274,0
DA:275,0
DA:276,0
DA:284,0
DA:292,0
DA:293,0
DA:294,0
DA:295,0
DA:302,0
DA:303,0
DA:304,0
DA:305,0
DA:312,0
DA:313,0
DA:314,0
DA:315,0
DA:316,0
DA:317,0
DA:325,0
DA:328,0
BRDA:328,0,0,0
BRDA:328,0,1,0
DA:332,0
BRDA:332,0,0,0
BRDA:332,0,1,0
DA:334,0
DA:336,0
DA:337,0
BRDA:337,0,0,0
BRDA:337,0,1,0
DA:338,0
DA:340,0
DA:349,0
BRDA:349,0,0,0
BRDA:349,0,1,0
DA:350,0
DA:352,0
BRDA:352,0,0,0
BRDA:352,0,1,0
DA:353,0
DA:355,0
DA:356,0
BRDA:356,0,0,0
BRDA:356,0,1,0
DA:357,0
DA:359,0
DA:361,0
BRDA:361,0,0,0
BRDA:361,0,1,0
DA:363,0
DA:365,0
DA:376,0
BRDA:376,0,0,0
BRDA:376,0,1,0
DA:377,0
DA:379,0
BRDA:379,0,0,0
BRDA:379,0,1,0
DA:380,0
BRDA:380,0,0,0
BRDA:380,0,1,0
DA:382,0
BRDA:382,0,0,0
BRDA:382,0,1,0
DA:383,0
BRDA:383,0,0,0
BRDA:383,0,1,0
DA:384,0
BRDA:384,0,0,0
BRDA:384,0,1,0
DA:385,0
DA:388,0
DA:390,0
BRDA:390,0,0,0
BRDA:390,0,1,0
DA:391,0
DA:392,0
BRDA:392,0,0,0
BRDA:392,0,1,0
BRDA:392,0,2,0
BRDA:392,0,3,0
DA:394,0
BRDA:394,0,0,0
BRDA:394,0,1,0
DA:395,0
DA:397,0
DA:401,0
DA:426,0
DA:427,0
DA:429,0
DA:432,0
BRDA:432,0,0,0
BRDA:432,0,1,0
DA:433,0
DA:436,0
BRDA:436,0,0,0
BRDA:436,0,1,0
DA:437,0
DA:441,0
DA:444,0
BRDA:444,0,0,0
BRDA:444,0,1,0
DA:445,0
DA:448,0
DA:449,0
DA:452,0
DA:454,0
DA:456,0
DA:467,0
BRDA:467,0,0,0
BRDA:467,0,1,0
BRDA:467,0,2,0
BRDA:467,0,3,0
DA:478,0
BRDA:478,0,0,0
BRDA:478,0,1,0
DA:479,0
DA:480,0
BRDA:480,0,0,0
BRDA:480,0,1,0
BRDA:480,0,2,0
BRDA:480,0,3,0
DA:481,0
DA:484,0
DA:496,0
BRDA:496,0,0,0
BRDA:496,0,1,0
DA:497,0
DA:499,0
BRDA:499,0,0,0
BRDA:499,0,1,0
DA:500,0
DA:502,0
BRDA:502,0,0,0
BRDA:502,0,1,0
DA:503,0
DA:505,0
BRDA:505,0,0,0
BRDA:505,0,1,0
DA:506,0
DA:508,0
DA:519,0
BRDA:519,0,0,0
BRDA:519,0,1,0
DA:520,0
BRDA:520,0,0,0
BRDA:520,0,1,0
DA:521,0
BRDA:521,0,0,0
BRDA:521,0,1,0
DA:522,0
DA:525,0
DA:527,0
DA:538,0
BRDA:538,0,0,0
BRDA:538,0,1,0
DA:539,0
DA:540,0
BRDA:540,0,0,0
BRDA:540,0,1,0
DA:541,0
BRDA:541,0,0,0
BRDA:541,0,1,0
DA:543,0
DA:554,0
DA:555,0
DA:556,0
BRDA:556,0,0,0
BRDA:556,0,1,0
DA:557,0
DA:558,0
DA:560,0
DA:564,0
DA:565,0
DA:566,0
BRDA:566,0,0,0
BRDA:566,0,1,0
DA:567,0
BRDA:567,0,0,0
BRDA:567,0,1,0
DA:568,0
BRDA:568,0,0,0
BRDA:568,0,1,0
DA:569,0
DA:572,0
DA:583,0
DA:593,0
DA:603,0
BRDA:603,0,0,0
BRDA:603,0,1,0
DA:604,0
DA:605,0
BRDA:605,0,0,0
BRDA:605,0,1,0
DA:607,0
BRDA:607,0,0,0
BRDA:607,0,1,0
DA:608,0
DA:610,0
DA:622,0
BRDA:622,0,0,0
BRDA:622,0,1,0
DA:624,0
DA:626,0
DA:629,0
BRDA:629,0,0,0
BRDA:629,0,1,0
DA:632,0
BRDA:632,0,0,0
BRDA:632,0,1,0
DA:633,0
DA:634,0
BRDA:634,0,0,0
BRDA:634,0,1,0
DA:635,0
DA:637,0
DA:642,0
BRDA:642,0,0,0
BRDA:642,0,1,0
BRDA:642,0,2,0
BRDA:642,0,3,0
DA:643,0
DA:648,0
BRDA:648,0,0,0
BRDA:648,0,1,0
DA:649,0
DA:655,0
DA:667,0
DA:668,0
DA:670,0
BRDA:670,0,0,0
BRDA:670,0,1,0
DA:682,0
DA:683,0
DA:685,0
BRDA:685,0,0,0
BRDA:685,0,1,0
DA:697,0
DA:698,0
DA:700,0
BRDA:700,0,0,0
BRDA:700,0,1,0
DA:711,0
DA:718,0
BRDA:718,0,0,0
BRDA:718,0,1,0
DA:719,0
DA:722,0
DA:735,0
BRDA:735,0,0,0
BRDA:735,0,1,0
DA:737,0
DA:740,0
BRDA:740,0,0,0
BRDA:740,0,1,0
DA:742,0
DA:745,0
BRDA:745,0,0,0
BRDA:745,0,1,0
DA:746,0
BRDA:746,0,0,0
BRDA:746,0,1,0
DA:747,0
DA:751,0
DA:755,0
BRDA:755,0,0,0
BRDA:755,0,1,0
DA:756,0
DA:761,0
DA:765,0
BRDA:765,0,0,0
BRDA:765,0,1,0
DA:766,0
DA:770,0
DA:772,0
BRDA:772,0,0,0
BRDA:772,0,1,0
DA:773,0
DA:777,0
DA:780,0
BRDA:780,0,0,0
BRDA:780,0,1,0
DA:782,0
DA:785,0
BRDA:785,0,0,0
BRDA:785,0,1,0
DA:789,0
BRDA:789,0,0,0
BRDA:789,0,1,0
DA:790,0
DA:793,0
DA:806,0
BRDA:806,0,0,0
BRDA:806,0,1,0
DA:807,0
DA:811,0
BRDA:811,0,0,0
BRDA:811,0,1,0
DA:813,0
BRDA:813,0,0,0
BRDA:813,0,1,0
DA:816,0
DA:820,0
DA:824,0
BRDA:824,0,0,0
BRDA:824,0,1,0
DA:827,0
BRDA:827,0,0,0
BRDA:827,0,1,0
DA:828,0
DA:832,0
DA:843,0
DA:856,0
DA:859,0
BRDA:859,0,0,0
BRDA:859,0,1,0
DA:860,0
DA:863,0
DA:866,0
BRDA:866,0,0,0
BRDA:866,0,1,0
DA:868,0
DA:869,0
DA:870,0
DA:872,0
BRDA:872,0,0,0
BRDA:872,0,1,0
DA:876,0
DA:878,0
DA:881,0
BRDA:881,0,0,0
BRDA:881,0,1,0
DA:882,0
DA:883,0
DA:886,0
BRDA:886,0,0,0
BRDA:886,0,1,0
DA:888,0
DA:892,0
DA:921,0
DA:933,0
BRDA:933,0,0,0
BRDA:933,0,1,0
DA:934,0
DA:937,0
BRDA:937,0,0,0
BRDA:937,0,1,0
DA:938,0
DA:941,0
BRDA:941,0,0,0
BRDA:941,0,1,0
DA:942,0
BRDA:942,0,0,0
BRDA:942,0,1,0
DA:948,0
BRDA:948,0,0,0
BRDA:948,0,1,0
DA:949,0
BRDA:949,0,0,0
BRDA:949,0,1,0
DA:951,0
BRDA:951,0,0,0
BRDA:951,0,1,0
DA:952,0
DA:956,0
DA:959,0
BRDA:959,0,0,0
BRDA:959,0,1,0
DA:960,0
BRDA:960,0,0,0
BRDA:960,0,1,0
DA:962,0
BRDA:962,0,0,0
BRDA:962,0,1,0
DA:963,0
DA:967,0
DA:969,0
DA:979,0
BRDA:979,0,0,0
BRDA:979,0,1,0
BRDA:979,0,2,0
BRDA:979,0,3,0
BRDA:979,0,4,0
BRDA:979,0,5,0
DA:990,0
BRDA:990,0,0,0
BRDA:990,0,1,0
DA:992,0
BRDA:992,0,0,0
BRDA:992,0,1,0
BRDA:992,0,2,0
BRDA:992,0,3,0
DA:997,0
BRDA:997,0,0,0
BRDA:997,0,1,0
DA:998,0
DA:1002,0
BRDA:1002,0,0,0
BRDA:1002,0,1,0
DA:1003,0
DA:1006,0
BRDA:1006,0,0,0
BRDA:1006,0,1,0
DA:1008,0
DA:1011,0
BRDA:1011,0,0,0
BRDA:1011,0,1,0
DA:1013,0
DA:1017,0
BRDA:1017,0,0,0
BRDA:1017,0,1,0
DA:1020,0
BRDA:1020,0,0,0
BRDA:1020,0,1,0
DA:1021,0
BRDA:1021,0,0,0
BRDA:1021,0,1,0
DA:1022,0
DA:1026,0
DA:1031,0
BRDA:1031,0,0,0
BRDA:1031,0,1,0
DA:1032,0
BRDA:1032,0,0,0
BRDA:1032,0,1,0
DA:1033,0
BRDA:1033,0,0,0
BRDA:1033,0,1,0
BRDA:1033,0,2,0
BRDA:1033,0,3,0
DA:1038,0
BRDA:1038,0,0,0
BRDA:1038,0,1,0
DA:1039,0
DA:1042,0
DA:1054,0
BRDA:1054,0,0,0
BRDA:1054,0,1,0
DA:1055,0
DA:1060,0
BRDA:1060,0,0,0
BRDA:1060,0,1,0
DA:1061,0
DA:1065,0
BRDA:1065,0,0,0
BRDA:1065,0,1,0
DA:1066,0
DA:1069,0
DA:1071,0
BRDA:1071,0,0,0
BRDA:1071,0,1,0
DA:1072,0
DA:1075,0
BRDA:1075,0,0,0
BRDA:1075,0,1,0
BRDA:1075,0,2,0
BRDA:1075,0,3,0
DA:1078,0
BRDA:1078,0,0,0
BRDA:1078,0,1,0
DA:1080,0
DA:1083,0
BRDA:1083,0,0,0
BRDA:1083,0,1,0
DA:1085,0
BRDA:1085,0,0,0
BRDA:1085,0,1,0
DA:1086,0
BRDA:1086,0,0,0
BRDA:1086,0,1,0
DA:1087,0
DA:1091,0
DA:1094,0
BRDA:1094,0,0,0
BRDA:1094,0,1,0
DA:1097,0
BRDA:1097,0,0,0
BRDA:1097,0,1,0
DA:1098,0
BRDA:1098,0,0,0
BRDA:1098,0,1,0
DA:1099,0
DA:1103,0
DA:1106,0
BRDA:1106,0,0,0
BRDA:1106,0,1,0
DA:1110,0
DA:1113,0
DA:1125,0
BRDA:1125,0,0,0
BRDA:1125,0,1,0
DA:1126,0
DA:1131,0
BRDA:1131,0,0,0
BRDA:1131,0,1,0
DA:1132,0
DA:1136,0
BRDA:1136,0,0,0
BRDA:1136,0,1,0
DA:1137,0
DA:1141,0
BRDA:1141,0,0,0
BRDA:1141,0,1,0
DA:1142,0
DA:1146,0
DA:1149,0
DA:1152,0
BRDA:1152,0,0,0
BRDA:1152,0,1,0
DA:1153,0
DA:1159,0
BRDA:1159,0,0,0
BRDA:1159,0,1,0
DA:1160,0
DA:1164,0
DA:1167,0
BRDA:1167,0,0,0
BRDA:1167,0,1,0
DA:1168,0
DA:1169,0
DA:1171,0
BRDA:1171,0,0,0
BRDA:1171,0,1,0
BRDA:1171,0,2,0
BRDA:1171,0,3,0
DA:1172,0
DA:1178,0
BRDA:1178,0,0,0
BRDA:1178,0,1,0
BRDA:1178,0,2,0
BRDA:1178,0,3,0
BRDA:1178,0,4,0
BRDA:1178,0,5,0
BRDA:1178,0,6,0
BRDA:1178,0,7,0
DA:1179,0
BRDA:1179,0,0,0
BRDA:1179,0,1,0
DA:1180,0
DA:1182,0
DA:1183,0
DA:1195,0
DA:1207,0
BRDA:1207,0,0,0
BRDA:1207,0,1,0
BRDA:1207,0,2,0
BRDA:1207,0,3,0
DA:1208,0
DA:1211,0
BRDA:1211,0,0,0
BRDA:1211,0,1,0
DA:1212,0
DA:1215,0
BRDA:1215,0,0,0
BRDA:1215,0,1,0
DA:1216,0
DA:1219,0
BRDA:1219,0,0,0
BRDA:1219,0,1,0
DA:1220,0
DA:1223,0
BRDA:1223,0,0,0
BRDA:1223,0,1,0
DA:1224,0
DA:1227,0
DA:1239,0
BRDA:1239,0,0,0
BRDA:1239,0,1,0
DA:1240,0
DA:1245,0
BRDA:1245,0,0,0
BRDA:1245,0,1,0
DA:1246,0
DA:1250,0
BRDA:1250,0,0,0
BRDA:1250,0,1,0
DA:1251,0
DA:1254,0
BRDA:1254,0,0,0
BRDA:1254,0,1,0
DA:1258,0
DA:1260,0
BRDA:1260,0,0,0
BRDA:1260,0,1,0
DA:1261,0
BRDA:1261,0,0,0
BRDA:1261,0,1,0
DA:1262,0
DA:1267,0
BRDA:1267,0,0,0
BRDA:1267,0,1,0
BRDA:1267,0,2,0
BRDA:1267,0,3,0
BRDA:1267,0,4,0
BRDA:1267,0,5,0
BRDA:1267,0,6,0
BRDA:1267,0,7,0
DA:1268,0
DA:1271,0
DA:1283,0
BRDA:1283,0,0,0
BRDA:1283,0,1,0
DA:1284,0
DA:1289,0
BRDA:1289,0,0,0
BRDA:1289,0,1,0
DA:1290,0
DA:1294,0
BRDA:1294,0,0,0
BRDA:1294,0,1,0
DA:1295,0
DA:1298,0
DA:1299,0
DA:1301,0
BRDA:1301,0,0,0
BRDA:1301,0,1,0
DA:1302,0
DA:1303,0
DA:1304,0
DA:1306,0
BRDA:1306,0,0,0
BRDA:1306,0,1,0
DA:1309,0
DA:1314,0
BRDA:1314,0,0,0
BRDA:1314,0,1,0
DA:1315,0
BRDA:1315,0,0,0
BRDA:1315,0,1,0
DA:1316,0
DA:1321,0
BRDA:1321,0,0,0
BRDA:1321,0,1,0
DA:1324,0
DA:1329,0
BRDA:1329,0,0,0
BRDA:1329,0,1,0
DA:1330,0
BRDA:1330,0,0,0
BRDA:1330,0,1,0
DA:1331,0
DA:1335,0
DA:1338,0
BRDA:1338,0,0,0
BRDA:1338,0,1,0
DA:1341,0
BRDA:1341,0,0,0
BRDA:1341,0,1,0
DA:1342,0
DA:1346,0
BRDA:1346,0,0,0
BRDA:1346,0,1,0
DA:1349,0
BRDA:1349,0,0,0
BRDA:1349,0,1,0
DA:1350,0
DA:1353,0
DA:1364,0
BRDA:1364,0,0,0
BRDA:1364,0,1,0
DA:1365,0
BRDA:1365,0,0,0
BRDA:1365,0,1,0
DA:1366,0
BRDA:1366,0,0,0
BRDA:1366,0,1,0
DA:1367,0
DA:1371,0
DA:1382,0
BRDA:1382,0,0,0
BRDA:1382,0,1,0
DA:1383,0
DA:1386,0
BRDA:1386,0,0,0
BRDA:1386,0,1,0
BRDA:1386,0,2,0
BRDA:1386,0,3,0
BRDA:1386,0,4,0
BRDA:1386,0,5,0
DA:1400,0
DA:1402,0
BRDA:1402,0,0,0
BRDA:1402,0,1,0
DA:1404,0
DA:1411,0
DA:1415,0
DA:1418,0
DA:1420,0
BRDA:1420,0,0,0
BRDA:1420,0,1,0
DA:1421,0
DA:1422,0
DA:1425,0
BRDA:1425,0,0,0
BRDA:1425,0,1,0
DA:1428,0
BRDA:1428,0,0,0
BRDA:1428,0,1,0
DA:1430,0
DA:1433,0
DA:1460,0
DA:1462,0
BRDA:1462,0,0,0
BRDA:1462,0,1,0
DA:1463,0
DA:1466,0
DA:1468,0
BRDA:1468,0,0,0
BRDA:1468,0,1,0
DA:1469,0
DA:1471,0
BRDA:1471,0,0,0
BRDA:1471,0,1,0
DA:1472,0
BRDA:1472,0,0,0
BRDA:1472,0,1,0
BRDA:1472,0,2,0
BRDA:1472,0,3,0
DA:1473,0
DA:1474,0
DA:1478,0
BRDA:1478,0,0,0
BRDA:1478,0,1,0
DA:1479,0
DA:1483,0
DA:1496,0
DA:1497,0
DA:1498,0
DA:1511,0
DA:1521,0
DA:1522,0
DA:1523,0
DA:1524,0
BRDA:1524,0,0,0
BRDA:1524,0,1,0
DA:1525,0
DA:1527,0
BRDA:1527,0,0,0
BRDA:1527,0,1,0
DA:1528,0
DA:1530,0
DA:1532,0
DA:1534,0
DA:1535,0
BRDA:1535,0,0,0
BRDA:1535,0,1,0
DA:1536,0
DA:1538,0
DA:1540,0
DA:1554,0
DA:1555,0
DA:1556,0
DA:1571,0
DA:1573,0
BRDA:1573,0,0,0
BRDA:1573,0,1,0
DA:1574,0
BRDA:1574,0,0,0
BRDA:1574,0,1,0
DA:1575,0
DA:1576,0
BRDA:1576,0,0,0
BRDA:1576,0,1,0
DA:1577,0
DA:1579,0
DA:1580,0
DA:1582,0
DA:1583,0
BRDA:1583,0,0,0
BRDA:1583,0,1,0
DA:1584,0
DA:1586,0
DA:1598,0
BRDA:1598,0,0,0
BRDA:1598,0,1,0
BRDA:1598,0,2,0
BRDA:1598,0,3,0
DA:1599,0
DA:1601,0
BRDA:1601,0,0,0
BRDA:1601,0,1,0
DA:1602,0
DA:1604,0
DA:1606,0
DA:1618,0
DA:1619,0
DA:1620,0
DA:1621,0
BRDA:1621,0,0,0
BRDA:1621,0,1,0
DA:1622,0
DA:1624,0
BRDA:1624,0,0,0
BRDA:1624,0,1,0
DA:1625,0
DA:1626,0
DA:1628,0
DA:1629,0
DA:1631,0
BRDA:1631,0,0,0
BRDA:1631,0,1,0
DA:1632,0
DA:1634,0
DA:1636,0
DA:1648,0
DA:1649,0
BRDA:1649,0,0,0
BRDA:1649,0,1,0
DA:1650,0
DA:1652,0
BRDA:1652,0,0,0
BRDA:1652,0,1,0
DA:1653,0
DA:1655,0
BRDA:1655,0,0,0
BRDA:1655,0,1,0
DA:1656,0
DA:1658,0
BRDA:1658,0,0,0
BRDA:1658,0,1,0
DA:1659,0
DA:1661,0
BRDA:1661,0,0,0
BRDA:1661,0,1,0
DA:1662,0
DA:1664,0
DA:1677,0
DA:1680,0
BRDA:1680,0,0,0
BRDA:1680,0,1,0
DA:1681,0
DA:1682,0
DA:1684,0
BRDA:1684,0,0,0
BRDA:1684,0,1,0
DA:1685,0
BRDA:1685,0,0,0
BRDA:1685,0,1,0
DA:1686,0
DA:1689,0
DA:1690,0
DA:1700,0
DA:1701,0
DA:1702,0
BRDA:1702,0,0,0
BRDA:1702,0,1,0
BRDA:1702,0,2,0
BRDA:1702,0,3,0
BRDA:1702,0,4,0
BRDA:1702,0,5,0
DA:1703,0
DA:1704,0
DA:1706,0
DA:1717,0
DA:1718,0
DA:1719,0
BRDA:1719,0,0,0
BRDA:1719,0,1,0
DA:1720,0
DA:1721,0
BRDA:1721,0,0,0
BRDA:1721,0,1,0
DA:1722,0
DA:1724,0
DA:1727,0
DA:1740,0
DA:1741,0
BRDA:1741,0,0,0
BRDA:1741,0,1,0
BRDA:1741,0,2,0
BRDA:1741,0,3,0
DA:1742,0
DA:1744,0
DA:1745,0
DA:1746,0
DA:1758,0
BRDA:1758,0,0,0
BRDA:1758,0,1,0
DA:1759,0
DA:1761,0
BRDA:1761,0,0,0
BRDA:1761,0,1,0
DA:1762,0
BRDA:1762,0,0,0
BRDA:1762,0,1,0
DA:1763,0
DA:1765,0
BRDA:1765,0,0,0
BRDA:1765,0,1,0
DA:1766,0
DA:1768,0
BRDA:1768,0,0,0
BRDA:1768,0,1,0
DA:1769,0
DA:1771,0
DA:1772,0
DA:1774,0
DA:1775,0
BRDA:1775,0,0,0
BRDA:1775,0,1,0
DA:1776,0
DA:1777,0
BRDA:1777,0,0,0
BRDA:1777,0,1,0
DA:1778,0
DA:1781,0
DA:1783,0
BRDA:1783,0,0,0
BRDA:1783,0,1,0
DA:1784,0
DA:1785,0
DA:1786,0
DA:1789,0
DA:1799,0
DA:1809,0
DA:1810,0
DA:1811,0
DA:1812,0
BRDA:1812,0,0,0
BRDA:1812,0,1,0
BRDA:1812,0,2,0
BRDA:1812,0,3,0
BRDA:1812,0,4,0
BRDA:1812,0,5,0
DA:1813,0
DA:1814,0
BRDA:1814,0,0,0
BRDA:1814,0,1,0
BRDA:1814,0,2,0
BRDA:1814,0,3,0
BRDA:1814,0,4,0
BRDA:1814,0,5,0
DA:1815,0
DA:1817,0
DA:1829,0
DA:1841,0
DA:1854,0
DA:1856,0
BRF:454
BRH:0
LF:542
LH:0
end_of_record
TN:
SF:lab/sample/RoutePlanner.java
FN:43,<clinit>
FN:54,travelTimeMinutes
FN:85,legMinutes
FNDA:1,<clinit>
FNDA:1,travelTimeMinutes
FNDA:1,legMinutes
FNF:3
FNH:3
DA:43,1
DA:54,1
DA:55,1
DA:57,1
DA:61,1
BRDA:61,0,0,1
BRDA:61,0,1,1
DA:62,1
DA:65,1
BRDA:65,0,0,1
BRDA:65,0,1,0
DA:66,0
DA:69,1
BRDA:69,0,0,1
BRDA:69,0,1,1
DA:70,1
DA:71,1
DA:74,1
BRDA:74,0,0,1
BRDA:74,0,1,1
DA:75,1
DA:79,1
DA:81,1
DA:85,1
DA:86,1
BRDA:86,0,0,1
BRDA:86,0,1,1
DA:87,1
DA:89,1
BRF:10
BRH:9
LF:19
LH:18
end_of_record
TN:
SF:lab/sample/Main.java
FN:21,<init>
FN:35,main
FN:70,intArg
FNDA:0,<init>
FNDA:1,main
FNDA:1,intArg
FNF:3
FNH:2
DA:21,0
DA:35,1
DA:36,1
DA:38,1
DA:39,1
DA:40,1
DA:46,1
DA:47,1
BRDA:47,0,0,1
BRDA:47,0,1,1
DA:48,1
DA:51,1
DA:53,1
DA:54,1
BRDA:54,0,0,1
BRDA:54,0,1,1
DA:55,1
DA:59,1
DA:60,1
DA:62,1
BRDA:62,0,0,1
BRDA:62,0,1,0
DA:63,1
DA:64,1
DA:65,1
DA:67,1
DA:70,1
BRDA:70,0,0,1
BRDA:70,0,1,0
DA:71,1
BRDA:71,0,0,1
BRDA:71,0,1,1
DA:72,1
DA:75,0
BRF:10
BRH:8
LF:24
LH:22
end_of_record
TN:
SF:lab/sample/Scenarios.java
FN:25,<clinit>
FN:31,at
FNDA:1,<clinit>
FNDA:1,at
FNF:2
FNH:2
DA:25,1
DA:26,1
DA:27,1
DA:28,1
DA:31,1
DA:32,1
DA:33,1
DA:34,1
BRDA:34,0,0,1
BRDA:34,0,1,1
DA:36,1
DA:37,1
DA:38,1
BRDA:38,0,0,1
BRDA:38,0,1,1
DA:39,1
DA:40,1
DA:41,1
DA:42,1
DA:47,1
BRF:4
BRH:4
LF:16
LH:16
end_of_record
TN:
SF:lab/sample/Metrics.java
FN:16,<init>
FN:22,stage
FNDA:1,<init>
FNDA:1,stage
FNF:2
FNH:2
DA:16,1
DA:18,1
DA:19,1
DA:22,1
DA:23,1
DA:24,1
DA:25,1
DA:27,1
DA:28,1
DA:29,1
DA:30,1
DA:32,1
DA:33,1
DA:34,1
LF:14
LH:14
end_of_record
TN:
SF:org/apache/commons/lang3/event/EventListenerSupport.java
FN:156,create
FN:164,<init>
FN:197,<init>
FN:214,<init>
FN:231,addListener
FN:246,addListener
FN:259,createInvocationHandler
FN:269,createProxy
FN:282,fire
FN:291,getListenerCount
FN:301,getListeners
FN:312,initializeTransientFields
FN:325,readObject
FN:340,removeListener
FN:351,writeObject
FN:85,<init>
FN:94,<init>
FN:108,handle
FN:125,invoke
FNDA:0,create
FNDA:0,<init>
FNDA:0,<init>
FNDA:0,<init>
FNDA:0,addListener
FNDA:0,addListener
FNDA:0,createInvocationHandler
FNDA:0,createProxy
FNDA:0,fire
FNDA:0,getListenerCount
FNDA:0,getListeners
FNDA:0,initializeTransientFields
FNDA:0,readObject
FNDA:0,removeListener
FNDA:0,writeObject
FNDA:0,<init>
FNDA:0,<init>
FNDA:0,handle
FNDA:0,invoke
FNF:19
FNH:0
DA:85,0
DA:86,0
DA:94,0
DA:95,0
DA:96,0
DA:108,0
DA:109,0
DA:125,0
BRDA:125,0,0,0
BRDA:125,0,1,0
DA:127,0
DA:128,0
DA:129,0
DA:130,0
DA:131,0
DA:132,0
DA:156,0
DA:164,0
DA:181,0
DA:182,0
DA:197,0
DA:198,0
DA:214,0
DA:215,0
DA:216,0
DA:217,0
DA:218,0
DA:219,0
DA:220,0
DA:231,0
DA:232,0
DA:246,0
DA:247,0
BRDA:247,0,0,0
BRDA:247,0,1,0
BRDA:247,0,2,0
BRDA:247,0,3,0
DA:248,0
DA:250,0
DA:259,0
DA:269,0
DA:270,0
DA:271,0
DA:282,0
DA:291,0
DA:301,0
DA:312,0
DA:313,0
DA:314,0
DA:325,0
DA:326,0
DA:327,0
DA:328,0
DA:329,0
DA:340,0
DA:341,0
DA:342,0
DA:351,0
DA:353,0
DA:354,0
BRDA:354,0,0,0
BRDA:354,0,1,0
DA:356,0
DA:357,0
DA:358,0
DA:360,0
DA:361,0
DA:362,0
DA:367,0
DA:368,0
BRF:8
BRH:0
LF:62
LH:0
end_of_record
TN:
SF:org/apache/commons/lang3/event/EventUtils.java
FN:48,<init>
FN:61,hasMatchingParametersMethod
FN:75,invoke
FN:97,addEventListener
FN:118,bindEventsToMethod
FN:129,<init>
FNDA:0,<init>
FNDA:0,hasMatchingParametersMethod
FNDA:0,invoke
FNDA:0,addEventListener
FNDA:0,bindEventsToMethod
FNDA:0,<init>
FNF:6
FNH:0
DA:48,0
DA:49,0
DA:50,0
DA:51,0
DA:52,0
DA:61,0
BRDA:61,0,0,0
BRDA:61,0,1,0
DA:75,0
BRDA:75,0,0,0
BRDA:75,0,1,0
BRDA:75,0,2,0
BRDA:75,0,3,0
DA:76,0
BRDA:76,0,0,0
BRDA:76,0,1,0
DA:77,0
DA:79,0
DA:81,0
DA:97,0
DA:98,0
DA:99,0
DA:100,0
DA:101,0
DA:102,0
DA:103,0
DA:118,0
DA:120,0
DA:121,0
DA:129,0
DA:131,0
BRF:8
BRH:0
LF:23
LH:0
end_of_record
TN:
SF:org/apache/commons/lang3/stream/LangCollectors.java
FN:60,<init>
FN:70,accumulator
FN:75,characteristics
FN:80,combiner
FN:85,finisher
FN:90,supplier
FN:94,<clinit>
FN:111,collect
FN:132,joining
FN:154,joining
FN:181,joining
FN:209,joining
FN:209,lambda$joining$1
FN:209,lambda$joining$0
FNDA:0,<init>
FNDA:0,accumulator
FNDA:0,characteristics
FNDA:0,combiner
FNDA:0,finisher
FNDA:0,supplier
FNDA:0,<clinit>
FNDA:0,collect
FNDA:0,joining
FNDA:0,joining
FNDA:0,joining
FNDA:0,joining
FNDA:0,lambda$joining$1
FNDA:0,lambda$joining$0
FNF:14
FNH:0
DA:60,0
DA:61,0
DA:62,0
DA:63,0
DA:64,0
DA:65,0
DA:66,0
DA:70,0
DA:75,0
DA:80,0
DA:85,0
DA:90,0
DA:94,0
DA:111,0
DA:132,0
DA:154,0
DA:181,0
DA:209,0
LF:18
LH:0
end_of_record
TN:
SF:org/apache/commons/lang3/stream/IntStreams.java
FN:38,range
FN:48,rangeClosed
FN:57,<init>
FNDA:0,range
FNDA:0,rangeClosed
FNDA:0,<init>
FNF:3
FNH:0
DA:38,0
DA:48,0
DA:57,0
DA:59,0
LF:4
LH:0
end_of_record
TN:
SF:org/apache/commons/lang3/stream/Streams.java
FN:522,failableStream
FN:566,failableStream
FN:578,failableStream
FN:591,failableStream
FN:610,instancesOf
FN:615,instancesOf
FN:627,nonNull
FN:639,nonNull
FN:652,nonNull
FN:664,nonNull
FN:676,of
FN:688,of
FN:700,of
FN:712,of
FN:724,of
FN:737,of
FN:782,stream
FN:827,stream
FN:831,streamOf
FN:842,toArray
FN:851,<init>
FN:182,<init>
FN:204,allMatch
FN:224,anyMatch
FN:234,assertNotTerminated
FN:297,collect
FN:349,collect
FN:364,filter
FN:384,forEach
FN:394,makeTerminated
FN:410,map
FN:467,reduce
FN:477,stream
FN:85,<clinit>
FN:93,<init>
FN:99,accumulator
FN:104,characteristics
FN:109,combiner
FN:110,lambda$combiner$0
FN:117,finisher
FN:117,lambda$finisher$1
FN:122,supplier
FN:144,<init>
FN:150,forEachRemaining
FN:156,next
FN:163,tryAdvance
FNDA:0,failableStream
FNDA:0,failableStream
FNDA:0,failableStream
FNDA:0,failableStream
FNDA:0,instancesOf
FNDA:0,instancesOf
FNDA:0,nonNull
FNDA:0,nonNull
FNDA:0,nonNull
FNDA:0,nonNull
FNDA:0,of
FNDA:0,of
FNDA:0,of
FNDA:0,of
FNDA:0,of
FNDA:0,of
FNDA:0,stream
FNDA:0,stream
FNDA:0,streamOf
FNDA:0,toArray
FNDA:0,<init>
FNDA:0,<init>
FNDA:0,allMatch
FNDA:0,anyMatch
FNDA:0,assertNotTerminated
FNDA:0,collect
FNDA:0,collect
FNDA:0,filter
FNDA:0,forEach
FNDA:0,makeTerminated
FNDA:0,map
FNDA:0,reduce
FNDA:0,stream
FNDA:0,<clinit>
FNDA:0,<init>
FNDA:0,accumulator
FNDA:0,characteristics
FNDA:0,combiner
FNDA:0,lambda$combiner$0
FNDA:0,finisher
FNDA:0,lambda$finisher$1
FNDA:0,supplier
FNDA:0,<init>
FNDA:0,forEachRemaining
FNDA:0,next
FNDA:0,tryAdvance
FNF:46
FNH:0
DA:85,0
DA:93,0
DA:94,0
DA:95,0
DA:99,0
DA:104,0
DA:109,0
DA:110,0
DA:111,0
DA:117,0
DA:122,0
DA:144,0
DA:145,0
DA:146,0
DA:150,0
BRDA:150,0,0,0
BRDA:150,0,1,0
DA:151,0
DA:153,0
DA:156,0
DA:157,0
DA:163,0
BRDA:163,0,0,0
BRDA:163,0,1,0
BRDA:163,0,2,0
BRDA:163,0,3,0
DA:182,0
DA:183,0
DA:184,0
DA:204,0
DA:205,0
DA:224,0
DA:225,0
DA:234,0
BRDA:234,0,0,0
BRDA:234,0,1,0
DA:235,0
DA:237,0
DA:297,0
DA:298,0
DA:349,0
DA:350,0
DA:364,0
DA:365,0
DA:366,0
DA:384,0
DA:385,0
DA:386,0
DA:394,0
DA:395,0
DA:396,0
DA:410,0
DA:411,0
DA:467,0
DA:468,0
DA:477,0
DA:522,0
DA:566,0
DA:578,0
DA:591,0
DA:610,0
DA:615,0
DA:627,0
DA:639,0
DA:652,0
DA:664,0
DA:676,0
BRDA:676,0,0,0
BRDA:676,0,1,0
DA:688,0
DA:700,0
BRDA:700,0,0,0
BRDA:700,0,1,0
DA:712,0
BRDA:712,0,0,0
BRDA:712,0,1,0
DA:724,0
BRDA:724,0,0,0
BRDA:724,0,1,0
DA:737,0
BRDA:737,0,0,0
BRDA:737,0,1,0
DA:782,0
DA:827,0
DA:831,0
BRDA:831,0,0,0
BRDA:831,0,1,0
DA:842,0
DA:851,0
DA:853,0
BRF:20
BRH:0
LF:70
LH:0
end_of_record
TN:
SF:org/apache/commons/lang3/exception/UncheckedIllegalAccessException.java
FN:36,<init>
FNDA:0,<init>
FNF:1
FNH:0
DA:36,0
DA:37,0
LF:2
LH:0
end_of_record
TN:
SF:org/apache/commons/lang3/exception/UncheckedReflectiveOperationException.java
FN:35,<init>
FNDA:0,<init>
FNF:1
FNH:0
DA:35,0
DA:36,0
LF:2
LH:0
end_of_record
TN:
SF:org/apache/commons/lang3/exception/ContextedException.java
FN:98,<init>
FN:110,<init>
FN:123,<init>
FN:135,<init>
FN:150,<init>
FN:169,addContextValue
FN:178,getContextEntries
FN:186,getContextLabels
FN:194,getContextValues
FN:202,getFirstContextValue
FN:210,getFormattedExceptionMessage
FN:221,getMessage
FN:232,getRawMessage
FN:250,setContextValue
FNDA:0,<init>
FNDA:0,<init>
FNDA:0,<init>
FNDA:0,<init>
FNDA:0,<init>
FNDA:0,addContextValue
FNDA:0,getContextEntries
FNDA:0,getContextLabels
FNDA:0,getContextValues
FNDA:0,getFirstContextValue
FNDA:0,getFormattedExceptionMessage
FNDA:0,getMessage
FNDA:0,getRawMessage
FNDA:0,setContextValue
FNF:14
FNH:0
DA:98,0
DA:99,0
DA:100,0
DA:110,0
DA:111,0
DA:112,0
DA:123,0
DA:124,0
DA:125,0
DA:135,0
DA:136,0
BRDA:136,0,0,0
BRDA:136,0,1,0
DA:137,0
DA:139,0
DA:140,0
DA:150,0
DA:151,0
DA:152,0
DA:169,0
DA:170,0
DA:178,0
DA:186,0
DA:194,0
DA:202,0
DA:210,0
DA:221,0
DA:232,0
DA:250,0
DA:251,0
BRF:2
BRH:0
LF:28
LH:0
end_of_record
TN:
SF:org/apache/commons/lang3/exception/ExceptionUtils.java
FN:49,<clinit>
FN:146,asRuntimeException
FN:157,eraseType
FN:177,forEach
FN:210,getCause
FN:228,getCause
FN:238,lambda$getCause$0
FN:250,getCauseUsingMethodName
FN:274,getDefaultCauseMethodNames
FN:289,getMessage
FN:314,getRootCause
FN:330,getRootCauseMessage
FN:348,getRootCauseStackTrace
FN:364,getRootCauseStackTraceList
FN:400,getStackFrameList
FN:428,getStackFrames
FN:451,getStackFrames
FN:470,getStackTrace
FN:495,getThrowableCount
FN:518,getThrowableList
FN:546,getThrowables
FN:564,hasCause
FN:582,indexOf
FN:623,indexOfThrowable
FN:646,indexOfThrowable
FN:665,indexOfType
FN:689,indexOfType
FN:701,isChecked
FN:713,isUnchecked
FN:735,printRootCauseStackTrace
FN:759,printRootCauseStackTrace
FN:788,printRootCauseStackTrace
FN:805,removeCommonFrames
FN:888,rethrow
FN:910,stream
FN:926,throwableOf
FN:969,throwableOfThrowable
FN:994,throwableOfThrowable
FN:1014,throwableOfType
FN:1039,throwableOfType
FN:1053,throwUnchecked
FN:1071,throwUnchecked
FN:1100,wrapAndThrow
FN:1110,<init>
FNDA:0,<clinit>
FNDA:0,asRuntimeException
FNDA:0,eraseType
FNDA:0,forEach
FNDA:0,getCause
FNDA:0,getCause
FNDA:0,lambda$getCause$0
FNDA:0,getCauseUsingMethodName
FNDA:0,getDefaultCauseMethodNames
FNDA:0,getMessage
FNDA:0,getRootCause
FNDA:0,getRootCauseMessage
FNDA:0,getRootCauseStackTrace
FNDA:0,getRootCauseStackTraceList
FNDA:0,getStackFrameList
FNDA:0,getStackFrames
FNDA:0,getStackFrames
FNDA:0,getStackTrace
FNDA:0,getThrowableCount
FNDA:0,getThrowableList
FNDA:0,getThrowables
FNDA:0,hasCause
FNDA:0,indexOf
FNDA:0,indexOfThrowable
FNDA:0,indexOfThrowable
FNDA:0,indexOfType
FNDA:0,indexOfType
FNDA:0,isChecked
FNDA:0,isUnchecked
FNDA:0,printRootCauseStackTrace
FNDA:0,printRootCauseStackTrace
FNDA:0,printRootCauseStackTrace
FNDA:0,removeCommonFrames
FNDA:0,rethrow
FNDA:0,stream
FNDA:0,throwableOf
FNDA:0,throwableOfThrowable
FNDA:0,throwableOfThrowable
FNDA:0,throwableOfType
FNDA:0,throwableOfType
FNDA:0,throwUnchecked
FNDA:0,throwUnchecked
FNDA:0,wrapAndThrow
FNDA:0,<init>
FNF:44
FNH:0
DA:49,0
DA:146,0
DA:157,0
DA:177,0
DA:178,0
DA:210,0
DA:228,0
BRDA:228,0,0,0
BRDA:228,0,1,0
DA:229,0
DA:231,0
BRDA:231,0,0,0
BRDA:231,0,1,0
DA:232,0
DA:233,0
BRDA:233,0,0,0
BRDA:233,0,1,0
DA:234,0
DA:236,0
DA:238,0
DA:250,0
BRDA:250,0,0,0
BRDA:250,0,1,0
DA:251,0
DA:252,0
BRDA:252,0,0,0
BRDA:252,0,1,0
BRDA:252,0,2,0
BRDA:252,0,3,0
DA:254,0
DA:255,0
DA:260,0
DA:274,0
DA:289,0
BRDA:289,0,0,0
BRDA:289,0,1,0
DA:290,0
DA:292,0
DA:293,0
DA:314,0
DA:315,0
BRDA:315,0,0,0
BRDA:315,0,1,0
DA:330,0
DA:331,0
BRDA:331,0,0,0
BRDA:331,0,1,0
DA:348,0
DA:364,0
BRDA:364,0,0,0
BRDA:364,0,1,0
DA:365,0
DA:367,0
DA:368,0
DA:369,0
DA:370,0
DA:371,0
BRDA:371,0,0,0
BRDA:371,0,1,0
DA:372,0
DA:373,0
BRDA:373,0,0,0
BRDA:373,0,1,0
DA:374,0
DA:375,0
DA:377,0
BRDA:377,0,0,0
BRDA:377,0,1,0
DA:378,0
DA:380,0
DA:382,0
DA:383,0
DA:384,0
DA:400,0
DA:401,0
DA:402,0
DA:403,0
DA:404,0
DA:405,0
BRDA:405,0,0,0
BRDA:405,0,1,0
DA:406,0
DA:408,0
DA:409,0
BRDA:409,0,0,0
BRDA:409,0,1,0
BRDA:409,0,2,0
BRDA:409,0,3,0
DA:410,0
DA:411,0
DA:412,0
BRDA:412,0,0,0
BRDA:412,0,1,0
DA:413,0
DA:415,0
DA:416,0
DA:428,0
DA:429,0
DA:430,0
DA:431,0
BRDA:431,0,0,0
BRDA:431,0,1,0
DA:432,0
DA:434,0
DA:451,0
BRDA:451,0,0,0
BRDA:451,0,1,0
DA:452,0
DA:454,0
DA:470,0
BRDA:470,0,0,0
BRDA:470,0,1,0
DA:471,0
DA:473,0
DA:474,0
DA:475,0
DA:495,0
DA:518,0
DA:519,0
BRDA:519,0,0,0
BRDA:519,0,1,0
BRDA:519,0,2,0
BRDA:519,0,3,0
DA:520,0
DA:521,0
DA:523,0
DA:546,0
DA:564,0
BRDA:564,0,0,0
BRDA:564,0,1,0
DA:565,0
DA:567,0
DA:582,0
BRDA:582,0,0,0
BRDA:582,0,1,0
BRDA:582,0,2,0
BRDA:582,0,3,0
DA:583,0
DA:585,0
BRDA:585,0,0,0
BRDA:585,0,1,0
DA:586,0
DA:588,0
DA:589,0
BRDA:589,0,0,0
BRDA:589,0,1,0
DA:590,0
DA:592,0
BRDA:592,0,0,0
BRDA:592,0,1,0
DA:593,0
BRDA:593,0,0,0
BRDA:593,0,1,0
DA:594,0
BRDA:594,0,0,0
BRDA:594,0,1,0
DA:595,0
DA:599,0
BRDA:599,0,0,0
BRDA:599,0,1,0
DA:600,0
BRDA:600,0,0,0
BRDA:600,0,1,0
DA:601,0
DA:605,0
DA:623,0
DA:646,0
DA:665,0
DA:689,0
DA:701,0
BRDA:701,0,0,0
BRDA:701,0,1,0
BRDA:701,0,2,0
BRDA:701,0,3,0
BRDA:701,0,4,0
BRDA:701,0,5,0
DA:713,0
BRDA:713,0,0,0
BRDA:713,0,1,0
BRDA:713,0,2,0
BRDA:713,0,3,0
BRDA:713,0,4,0
BRDA:713,0,5,0
DA:735,0
DA:736,0
DA:759,0
BRDA:759,0,0,0
BRDA:759,0,1,0
DA:760,0
DA:762,0
DA:763,0
DA:764,0
DA:765,0
DA:788,0
BRDA:788,0,0,0
BRDA:788,0,1,0
DA:789,0
DA:791,0
DA:792,0
DA:793,0
DA:794,0
DA:805,0
DA:806,0
DA:807,0
DA:808,0
DA:809,0
BRDA:809,0,0,0
BRDA:809,0,1,0
BRDA:809,0,2,0
BRDA:809,0,3,0
DA:812,0
DA:813,0
DA:814,0
BRDA:814,0,0,0
BRDA:814,0,1,0
DA:815,0
DA:817,0
DA:818,0
DA:819,0
DA:820,0
DA:888,0
DA:910,0
DA:926,0
BRDA:926,0,0,0
BRDA:926,0,1,0
BRDA:926,0,2,0
BRDA:926,0,3,0
DA:927,0
DA:929,0
BRDA:929,0,0,0
BRDA:929,0,1,0
DA:930,0
DA:932,0
DA:933,0
BRDA:933,0,0,0
BRDA:933,0,1,0
DA:934,0
DA:936,0
BRDA:936,0,0,0
BRDA:936,0,1,0
DA:937,0
BRDA:937,0,0,0
BRDA:937,0,1,0
DA:938,0
BRDA:938,0,0,0
BRDA:938,0,1,0
DA:939,0
DA:943,0
BRDA:943,0,0,0
BRDA:943,0,1,0
DA:944,0
BRDA:944,0,0,0
BRDA:944,0,1,0
DA:945,0
DA:949,0
DA:969,0
DA:994,0
DA:1014,0
DA:1039,0
DA:1053,0
BRDA:1053,0,0,0
BRDA:1053,0,1,0
DA:1054,0
DA:1056,0
BRDA:1056,0,0,0
BRDA:1056,0,1,0
DA:1057,0
DA:1059,0
DA:1071,0
BRDA:1071,0,0,0
BRDA:1071,0,1,0
DA:1072,0
DA:1074,0
DA:1100,0
DA:1110,0
DA:1112,0
BRF:110
BRH:0
LF:166
LH:0
end_of_record
TN:
SF:org/apache/commons/lang3/exception/ContextedRuntimeException.java
FN:98,<init>
FN:110,<init>
FN:123,<init>
FN:135,<init>
FN:150,<init>
FN:169,addContextValue
FN:178,getContextEntries
FN:186,getContextLabels
FN:194,getContextValues
FN:202,getFirstContextValue
FN:210,getFormattedExceptionMessage
FN:221,getMessage
FN:232,getRawMessage
FN:250,setContextValue
FNDA:0,<init>
FNDA:0,<init>
FNDA:0,<init>
FNDA:0,<init>
FNDA:0,<init>
FNDA:0,addContextValue
FNDA:0,getContextEntries
FNDA:0,getContextLabels
FNDA:0,getContextValues
FNDA:0,getFirstContextValue
FNDA:0,getFormattedExceptionMessage
FNDA:0,getMessage
FNDA:0,getRawMessage
FNDA:0,setContextValue
FNF:14
FNH:0
DA:98,0
DA:99,0
DA:100,0
DA:110,0
DA:111,0
DA:112,0
DA:123,0
DA:124,0
DA:125,0
DA:135,0
DA:136,0
BRDA:136,0,0,0
BRDA:136,0,1,0
DA:137,0
DA:139,0
DA:140,0
DA:150,0
DA:151,0
DA:152,0
DA:169,0
DA:170,0
DA:178,0
DA:186,0
DA:194,0
DA:202,0
DA:210,0
DA:221,0
DA:232,0
DA:250,0
DA:251,0
BRF:2
BRH:0
LF:28
LH:0
end_of_record
TN:
SF:org/apache/commons/lang3/exception/ExceptionContext.java
LF:0
LH:0
end_of_record
TN:
SF:org/apache/commons/lang3/exception/UncheckedInterruptedException.java
FN:35,<init>
FNDA:0,<init>
FNF:1
FNH:0
DA:35,0
DA:36,0
LF:2
LH:0
end_of_record
TN:
SF:org/apache/commons/lang3/exception/CloneFailedException.java
FN:35,<init>
FN:45,<init>
FN:54,<init>
FNDA:0,<init>
FNDA:0,<init>
FNDA:0,<init>
FNF:3
FNH:0
DA:35,0
DA:36,0
DA:45,0
DA:46,0
DA:54,0
DA:55,0
LF:6
LH:0
end_of_record
TN:
SF:org/apache/commons/lang3/exception/DefaultExceptionContext.java
FN:48,<init>
FN:62,addContextValue
FN:71,getContextEntries
FN:79,getContextLabels
FN:87,getContextValues
FN:87,lambda$getContextValues$0
FN:95,getFirstContextValue
FN:95,lambda$getFirstContextValue$1
FN:106,getFormattedExceptionMessage
FN:141,setContextValue
FN:141,lambda$setContextValue$2
FN:147,stream
FNDA:0,<init>
FNDA:0,addContextValue
FNDA:0,getContextEntries
FNDA:0,getContextLabels
FNDA:0,getContextValues
FNDA:0,lambda$getContextValues$0
FNDA:0,getFirstContextValue
FNDA:0,lambda$getFirstContextValue$1
FNDA:0,getFormattedExceptionMessage
FNDA:0,setContextValue
FNDA:0,lambda$setContextValue$2
FNDA:0,stream
FNF:12
FNH:0
DA:48,0
DA:53,0
DA:55,0
DA:62,0
DA:63,0
DA:71,0
DA:79,0
DA:87,0
DA:95,0
DA:106,0
DA:107,0
BRDA:107,0,0,0
BRDA:107,0,1,0
DA:108,0
DA:110,0
BRDA:110,0,0,0
BRDA:110,0,1,0
DA:111,0
BRDA:111,0,0,0
BRDA:111,0,1,0
DA:112,0
DA:114,0
DA:115,0
DA:116,0
BRDA:116,0,0,0
BRDA:116,0,1,0
DA:117,0
DA:118,0
DA:119,0
DA:120,0
DA:121,0
DA:122,0
DA:124,0
DA:125,0
DA:126,0
DA:127,0
DA:128,0
DA:129,0
DA:130,0
DA:131,0
DA:133,0
DA:141,0
DA:142,0
DA:143,0
DA:147,0
BRF:8
BRH:0
LF:37
LH:0
end_of_record
TN:
SF:org/apache/commons/lang3/exception/UncheckedException.java
FN:38,<init>
FNDA:0,<init>
FNF:1
FNH:0
DA:38,0
DA:39,0
LF:2
LH:0
end_of_record
TN:
SF:org/apache/commons/lang3/function/FailableLongToIntFunction.java
FN:33,lambda$static$0
FN:33,<clinit>
FN:43,nop
FNDA:0,lambda$static$0
FNDA:0,<clinit>
FNDA:0,nop
FNF:3
FNH:0
DA:33,0
DA:43,0
LF:2
LH:0
end_of_record
TN:
SF:org/apache/commons/lang3/function/FailableCallable.java
LF:0
LH:0
end_of_record
TN:
SF:org/apache/commons/lang3/function/FailableDoubleConsumer.java
FN:34,lambda$static$0
FN:34,<clinit>
FN:44,nop
FN:63,andThen
FN:65,lambda$andThen$1
FNDA:0,lambda$static$0
FNDA:0,<clinit>
FNDA:0,nop
FNDA:0,andThen
FNDA:0,lambda$andThen$1
FNF:5
FNH:0
DA:34,0
DA:44,0
DA:63,0
DA:64,0
DA:65,0
DA:66,0
DA:67,0
LF:7
LH:0
end_of_record
TN:
SF:org/apache/commons/lang3/function/FailableConsumer.java
FN:40,<clinit>
FN:51,nop
FN:70,andThen
FN:72,lambda$andThen$0
FNDA:0,<clinit>
FNDA:0,nop
FNDA:0,andThen
FNDA:0,lambda$andThen$0
FNF:4
FNH:0
DA:40,0
DA:51,0
DA:70,0
DA:71,0
DA:72,0
DA:73,0
DA:74,0
LF:7
LH:0
end_of_record
TN:
SF:org/apache/commons/lang3/function/BooleanConsumer.java
FN:33,lambda$static$0
FN:33,<clinit>
FN:41,nop
FN:62,andThen
FN:64,lambda$andThen$1
FNDA:0,lambda$static$0
FNDA:0,<clinit>
FNDA:0,nop
FNDA:0,andThen
FNDA:0,lambda$andThen$1
FNF:5
FNH:0
DA:33,0
DA:41,0
DA:62,0
DA:63,0
DA:64,0
DA:65,0
DA:66,0
LF:7
LH:0
end_of_record
TN:
SF:org/apache/commons/lang3/function/FailableFunction.java
FN:36,lambda$static$0
FN:36,<clinit>
FN:49,function
FN:60,identity
FN:60,lambda$identity$1
FN:73,nop
FN:85,andThen
FN:86,lambda$andThen$2
FN:108,compose
FN:109,lambda$compose$3
FNDA:0,lambda$static$0
FNDA:0,<clinit>
FNDA:0,function
FNDA:0,identity
FNDA:0,lambda$identity$1
FNDA:0,nop
FNDA:0,andThen
FNDA:0,lambda$andThen$2
FNDA:0,compose
FNDA:0,lambda$compose$3
FNF:10
FNH:0
DA:36,0
DA:49,0
DA:60,0
DA:73,0
DA:85,0
DA:86,0
DA:108,0
DA:109,0
LF:8
LH:0
end_of_record
TN:
SF:org/apache/commons/lang3/function/FailableLongFunction.java
FN:34,lambda$static$0
FN:34,<clinit>
FN:45,nop
FNDA:0,lambda$static$0
FNDA:0,<clinit>
FNDA:0,nop
FNF:3
FNH:0
DA:34,0
DA:45,0
LF:2
LH:0
end_of_record
TN:
SF:org/apache/commons/lang3/function/IntToCharFunction.java
LF:0
LH:0
end_of_record
TN:
SF:org/apache/commons/lang3/function/FailableIntUnaryOperator.java
FN:33,lambda$static$0
FN:33,<clinit>
FN:42,identity
FN:42,lambda$identity$1
FN:53,nop
FN:65,andThen
FN:66,lambda$andThen$2
FN:87,compose
FN:88,lambda$compose$3
FNDA:0,lambda$static$0
FNDA:0,<clinit>
FNDA:0,identity
FNDA:0,lambda$identity$1
FNDA:0,nop
FNDA:0,andThen
FNDA:0,lambda$andThen$2
FNDA:0,compose
FNDA:0,lambda$compose$3
FNF:9
FNH:0
DA:33,0
DA:42,0
DA:53,0
DA:65,0
DA:66,0
DA:87,0
DA:88,0
LF:7
LH:0
end_of_record
TN:
SF:org/apache/commons/lang3/function/FailableToDoubleBiFunction.java
FN:35,lambda$static$0
FN:35,<clinit>
FN:47,nop
FNDA:0,lambda$static$0
FNDA:0,<clinit>
FNDA:0,nop
FNF:3
FNH:0
DA:35,0
DA:47,0
LF:2
LH:0
end_of_record
TN:
SF:org/apache/commons/lang3/function/FailableIntFunction.java
FN:34,lambda$static$0
FN:34,<clinit>
FN:45,nop
FNDA:0,lambda$static$0
FNDA:0,<clinit>
FNDA:0,nop
FNF:3
FNH:0
DA:34,0
DA:45,0
LF:2
LH:0
end_of_record
TN:
SF:org/apache/commons/lang3/function/FailableDoubleToLongFunction.java
FN:33,lambda$static$0
FN:33,<clinit>
FN:43,nop
FNDA:0,lambda$static$0
FNDA:0,<clinit>
FNDA:0,nop
FNF:3
FNH:0
DA:33,0
DA:43,0
LF:2
LH:0
end_of_record
TN:
SF:org/apache/commons/lang3/function/FailableLongUnaryOperator.java
FN:33,lambda$static$0
FN:33,<clinit>
FN:42,identity
FN:42,lambda$identity$1
FN:53,nop
FN:65,andThen
FN:66,lambda$andThen$2
FN:87,compose
FN:88,lambda$compose$3
FNDA:0,lambda$static$0
FNDA:0,<clinit>
FNDA:0,identity
FNDA:0,lambda$identity$1
FNDA:0,nop
FNDA:0,andThen
FNDA:0,lambda$andThen$2
FNDA:0,compose
FNDA:0,lambda$compose$3
FNF:9
FNH:0
DA:33,0
DA:42,0
DA:53,0
DA:65,0
DA:66,0
DA:87,0
DA:88,0
LF:7
LH:0
end_of_record
TN:
SF:org/apache/commons/lang3/function/FailableLongConsumer.java
FN:34,lambda$static$0
FN:34,<clinit>
FN:44,nop
FN:63,andThen
FN:65,lambda$andThen$1
FNDA:0,lambda$static$0
FNDA:0,<clinit>
FNDA:0,nop
FNDA:0,andThen
FNDA:0,lambda$andThen$1
FNF:5
FNH:0
DA:34,0
DA:44,0
DA:63,0
DA:64,0
DA:65,0
DA:66,0
DA:67,0
LF:7
LH:0
end_of_record
TN:
SF:org/apache/commons/lang3/function/Consumers.java
FN:32,<clinit>
FN:44,accept
FN:57,nop
FNDA:0,<clinit>
FNDA:0,accept
FNDA:0,nop
FNF:3
FNH:0
DA:32,0
DA:44,0
BRDA:44,0,0,0
BRDA:44,0,1,0
DA:45,0
DA:47,0
DA:57,0
BRF:2
BRH:0
LF:5
LH:0
end_of_record
TN:
SF:org/apache/commons/lang3/function/FailableLongPredicate.java
FN:34,lambda$static$0
FN:34,<clinit>
FN:38,lambda$static$1
FN:48,falsePredicate
FN:59,truePredicate
FN:70,and
FN:71,lambda$and$2
FN:80,negate
FN:80,lambda$negate$3
FN:91,or
FN:92,lambda$or$4
FNDA:0,lambda$static$0
FNDA:0,<clinit>
FNDA:0,lambda$static$1
FNDA:0,falsePredicate
FNDA:0,truePredicate
FNDA:0,and
FNDA:0,lambda$and$2
FNDA:0,negate
FNDA:0,lambda$negate$3
FNDA:0,or
FNDA:0,lambda$or$4
FNF:11
FNH:0
DA:34,0
DA:38,0
DA:48,0
DA:59,0
DA:70,0
DA:71,0
BRDA:71,0,0,0
BRDA:71,0,1,0
BRDA:71,0,2,0
BRDA:71,0,3,0
DA:80,0
BRDA:80,0,0,0
BRDA:80,0,1,0
DA:91,0
DA:92,0
BRDA:92,0,0,0
BRDA:92,0,1,0
BRDA:92,0,2,0
BRDA:92,0,3,0
BRF:10
BRH:0
LF:9
LH:0
end_of_record
TN:
SF:org/apache/commons/lang3/function/FailableShortSupplier.java
LF:0
LH:0
end_of_record
TN:
SF:org/apache/commons/lang3/function/FailableObjLongConsumer.java
FN:34,lambda$static$0
FN:34,<clinit>
FN:45,nop
FNDA:0,lambda$static$0
FNDA:0,<clinit>
FNDA:0,nop
FNF:3
FNH:0
DA:34,0
DA:45,0
LF:2
LH:0
end_of_record
TN:
SF:org/apache/commons/lang3/function/Suppliers.java
FN:36,lambda$static$0
FN:36,<clinit>
FN:46,get
FN:61,nul
FN:70,<init>
FNDA:0,lambda$static$0
FNDA:0,<clinit>
FNDA:0,get
FNDA:0,nul
FNDA:0,<init>
FNF:5
FNH:0
DA:36,0
DA:46,0
BRDA:46,0,0,0
BRDA:46,0,1,0
DA:61,0
DA:70,0
DA:72,0
BRF:2
BRH:0
LF:5
LH:0
end_of_record
TN:
SF:org/apache/commons/lang3/function/FailableToLongFunction.java
FN:34,lambda$static$0
FN:34,<clinit>
FN:45,nop
FNDA:0,lambda$static$0
FNDA:0,<clinit>
FNDA:0,nop
FNF:3
FNH:0
DA:34,0
DA:45,0
LF:2
LH:0
end_of_record
TN:
SF:org/apache/commons/lang3/function/FailableObjIntConsumer.java
FN:34,lambda$static$0
FN:34,<clinit>
FN:45,nop
FNDA:0,lambda$static$0
FNDA:0,<clinit>
FNDA:0,nop
FNF:3
FNH:0
DA:34,0
DA:45,0
LF:2
LH:0
end_of_record
TN:
SF:org/apache/commons/lang3/function/FailableToLongBiFunction.java
FN:35,lambda$static$0
FN:35,<clinit>
FN:47,nop
FNDA:0,lambda$static$0
FNDA:0,<clinit>
FNDA:0,nop
FNF:3
FNH:0
DA:35,0
DA:47,0
LF:2
LH:0
end_of_record
TN:
SF:org/apache/commons/lang3/function/FailableDoubleSupplier.java
LF:0
LH:0
end_of_record
TN:
SF:org/apache/commons/lang3/function/FailableSupplier.java
FN:41,lambda$static$0
FN:41,<clinit>
FN:56,nul
FNDA:0,lambda$static$0
FNDA:0,<clinit>
FNDA:0,nul
FNF:3
FNH:0
DA:41,0
DA:56,0
LF:2
LH:0
end_of_record
TN:
SF:org/apache/commons/lang3/function/FailableIntConsumer.java
FN:34,lambda$static$0
FN:34,<clinit>
FN:44,nop
FN:63,andThen
FN:65,lambda$andThen$1
FNDA:0,lambda$static$0
FNDA:0,<clinit>
FNDA:0,nop
FNDA:0,andThen
FNDA:0,lambda$andThen$1
FNF:5
FNH:0
DA:34,0
DA:44,0
DA:63,0
DA:64,0
DA:65,0
DA:66,0
DA:67,0
LF:7
LH:0
end_of_record
TN:
SF:org/apache/commons/lang3/function/MethodInvokers.java
FN:85,asBiConsumer
FN:110,asBiFunction
FN:125,asFailableBiConsumer
FN:141,asFailableBiFunction
FN:155,asFailableFunction
FN:171,asFailableSupplier
FN:194,asFunction
FN:210,asInterfaceInstance
FN:226,asSupplier
FN:237,requireMethod
FN:241,unreflect
FN:246,unreflectUnchecked
FNDA:0,asBiConsumer
FNDA:0,asBiFunction
FNDA:0,asFailableBiConsumer
FNDA:0,asFailableBiFunction
FNDA:0,asFailableFunction
FNDA:0,asFailableSupplier
FNDA:0,asFunction
FNDA:0,asInterfaceInstance
FNDA:0,asSupplier
FNDA:0,requireMethod
FNDA:0,unreflect
FNDA:0,unreflectUnchecked
FNF:12
FNH:0
DA:85,0
DA:110,0
DA:125,0
DA:141,0
DA:155,0
DA:171,0
DA:194,0
DA:210,0
DA:226,0
DA:237,0
DA:241,0
DA:246,0
DA:247,0
DA:248,0
LF:14
LH:0
end_of_record
TN:
SF:org/apache/commons/lang3/function/ToBooleanBiFunction.java
LF:0
LH:0
end_of_record
TN:
SF:org/apache/commons/lang3/function/FailableDoublePredicate.java
FN:34,lambda$static$0
FN:34,<clinit>
FN:38,lambda$static$1
FN:48,falsePredicate
FN:59,truePredicate
FN:70,and
FN:71,lambda$and$2
FN:80,negate
FN:80,lambda$negate$3
FN:91,or
FN:92,lambda$or$4
FNDA:0,lambda$static$0
FNDA:0,<clinit>
FNDA:0,lambda$static$1
FNDA:0,falsePredicate
FNDA:0,truePredicate
FNDA:0,and
FNDA:0,lambda$and$2
FNDA:0,negate
FNDA:0,lambda$negate$3
FNDA:0,or
FNDA:0,lambda$or$4
FNF:11
FNH:0
DA:34,0
DA:38,0
DA:48,0
DA:59,0
DA:70,0
DA:71,0
BRDA:71,0,0,0
BRDA:71,0,1,0
BRDA:71,0,2,0
BRDA:71,0,3,0
DA:80,0
BRDA:80,0,0,0
BRDA:80,0,1,0
DA:91,0
DA:92,0
BRDA:92,0,0,0
BRDA:92,0,1,0
BRDA:92,0,2,0
BRDA:92,0,3,0
BRF:10
BRH:0
LF:9
LH:0
end_of_record
TN:
SF:org/apache/commons/lang3/function/FailablePredicate.java
FN:35,lambda$static$0
FN:35,<clinit>
FN:39,lambda$static$1
FN:50,falsePredicate
FN:62,truePredicate
FN:73,and
FN:74,lambda$and$2
FN:83,negate
FN:83,lambda$negate$3
FN:94,or
FN:95,lambda$or$4
FNDA:0,lambda$static$0
FNDA:0,<clinit>
FNDA:0,lambda$static$1
FNDA:0,falsePredicate
FNDA:0,truePredicate
FNDA:0,and
FNDA:0,lambda$and$2
FNDA:0,negate
FNDA:0,lambda$negate$3
FNDA:0,or
FNDA:0,lambda$or$4
FNF:11
FNH:0
DA:35,0
DA:39,0
DA:50,0
DA:62,0
DA:73,0
DA:74,0
BRDA:74,0,0,0
BRDA:74,0,1,0
BRDA:74,0,2,0
BRDA:74,0,3,0
DA:83,0
BRDA:83,0,0,0
BRDA:83,0,1,0
DA:94,0
DA:95,0
BRDA:95,0,0,0
BRDA:95,0,1,0
BRDA:95,0,2,0
BRDA:95,0,3,0
BRF:10
BRH:0
LF:9
LH:0
end_of_record
TN:
SF:org/apache/commons/lang3/function/FailableIntPredicate.java
FN:34,lambda$static$0
FN:34,<clinit>
FN:38,lambda$static$1
FN:48,falsePredicate
FN:59,truePredicate
FN:70,and
FN:71,lambda$and$2
FN:80,negate
FN:80,lambda$negate$3
FN:91,or
FN:92,lambda$or$4
FNDA:0,lambda$static$0
FNDA:0,<clinit>
FNDA:0,lambda$static$1
FNDA:0,falsePredicate
FNDA:0,truePredicate
FNDA:0,and
FNDA:0,lambda$and$2
FNDA:0,negate
FNDA:0,lambda$negate$3
FNDA:0,or
FNDA:0,lambda$or$4
FNF:11
FNH:0
DA:34,0
DA:38,0
DA:48,0
DA:59,0
DA:70,0
DA:71,0
BRDA:71,0,0,0
BRDA:71,0,1,0
BRDA:71,0,2,0
BRDA:71,0,3,0
DA:80,0
BRDA:80,0,0,0
BRDA:80,0,1,0
DA:91,0
DA:92,0
BRDA:92,0,0,0
BRDA:92,0,1,0
BRDA:92,0,2,0
BRDA:92,0,3,0
BRF:10
BRH:0
LF:9
LH:0
end_of_record
TN:
SF:org/apache/commons/lang3/function/FailableLongSupplier.java
LF:0
LH:0
end_of_record
TN:
SF:org/apache/commons/lang3/function/Failable.java
FN:86,accept
FN:86,lambda$accept$0
FN:98,accept
FN:98,lambda$accept$1
FN:109,accept
FN:109,lambda$accept$2
FN:120,accept
FN:120,lambda$accept$3
FN:131,accept
FN:131,lambda$accept$4
FN:148,apply
FN:148,lambda$apply$5
FN:162,apply
FN:162,lambda$apply$6
FN:176,applyAsDouble
FN:176,lambda$applyAsDouble$7
FN:188,asBiConsumer
FN:188,lambda$asBiConsumer$8
FN:201,asBiFunction
FN:201,lambda$asBiFunction$9
FN:213,asBiPredicate
FN:213,lambda$asBiPredicate$10
FN:224,asCallable
FN:224,lambda$asCallable$11
FN:235,asConsumer
FN:235,lambda$asConsumer$12
FN:247,asFunction
FN:247,lambda$asFunction$13
FN:258,asPredicate
FN:258,lambda$asPredicate$14
FN:268,asRunnable
FN:268,lambda$asRunnable$15
FN:279,asSupplier
FN:279,lambda$asSupplier$16
FN:291,call
FN:304,get
FN:319,getAsBoolean
FN:334,getAsDouble
FN:349,getAsInt
FN:364,getAsLong
FN:379,getAsShort
FN:411,rethrow
FN:427,run
FN:446,stream
FN:460,stream
FN:476,test
FN:476,lambda$test$17
FN:489,test
FN:489,lambda$test$18
FN:516,tryWithResources
FN:521,lambda$tryWithResources$19
FN:567,tryWithResources
FNDA:0,accept
FNDA:0,lambda$accept$0
FNDA:0,accept
FNDA:0,lambda$accept$1
FNDA:0,accept
FNDA:0,lambda$accept$2
FNDA:0,accept
FNDA:0,lambda$accept$3
FNDA:0,accept
FNDA:0,lambda$accept$4
FNDA:0,apply
FNDA:0,lambda$apply$5
FNDA:0,apply
FNDA:0,lambda$apply$6
FNDA:0,applyAsDouble
FNDA:0,lambda$applyAsDouble$7
FNDA:0,asBiConsumer
FNDA:0,lambda$asBiConsumer$8
FNDA:0,asBiFunction
FNDA:0,lambda$asBiFunction$9
FNDA:0,asBiPredicate
FNDA:0,lambda$asBiPredicate$10
FNDA:0,asCallable
FNDA:0,lambda$asCallable$11
FNDA:0,asConsumer
FNDA:0,lambda$asConsumer$12
FNDA:0,asFunction
FNDA:0,lambda$asFunction$13
FNDA:0,asPredicate
FNDA:0,lambda$asPredicate$14
FNDA:0,asRunnable
FNDA:0,lambda$asRunnable$15
FNDA:0,asSupplier
FNDA:0,lambda$asSupplier$16
FNDA:0,call
FNDA:0,get
FNDA:0,getAsBoolean
FNDA:0,getAsDouble
FNDA:0,getAsInt
FNDA:0,getAsLong
FNDA:0,getAsShort
FNDA:0,rethrow
FNDA:0,run
FNDA:0,stream
FNDA:0,stream
FNDA:0,test
FNDA:0,lambda$test$17
FNDA:0,test
FNDA:0,lambda$test$18
FNDA:0,tryWithResources
FNDA:0,lambda$tryWithResources$19
FNDA:0,tryWithResources
FNF:52
FNH:0
DA:86,0
DA:87,0
DA:98,0
DA:99,0
DA:109,0
DA:110,0
DA:120,0
DA:121,0
DA:131,0
DA:132,0
DA:148,0
DA:162,0
DA:176,0
DA:188,0
DA:201,0
DA:213,0
DA:224,0
DA:235,0
DA:247,0
DA:258,0
DA:268,0
DA:279,0
DA:291,0
DA:304,0
DA:305,0
DA:306,0
DA:319,0
DA:320,0
DA:321,0
DA:334,0
DA:335,0
DA:336,0
DA:349,0
DA:350,0
DA:351,0
DA:364,0
DA:365,0
DA:366,0
DA:379,0
DA:380,0
DA:381,0
DA:411,0
DA:412,0
DA:413,0
BRDA:413,0,0,0
BRDA:413,0,1,0
DA:414,0
DA:416,0
DA:427,0
DA:428,0
DA:429,0
DA:430,0
DA:431,0
DA:446,0
DA:460,0
DA:476,0
DA:489,0
DA:516,0
BRDA:516,0,0,0
BRDA:516,0,1,0
DA:517,0
DA:519,0
DA:521,0
DA:522,0
DA:524,0
DA:525,0
DA:526,0
DA:527,0
DA:528,0
BRDA:528,0,0,0
BRDA:528,0,1,0
DA:529,0
BRDA:529,0,0,0
BRDA:529,0,1,0
DA:531,0
DA:532,0
DA:533,0
BRDA:533,0,0,0
BRDA:533,0,1,0
DA:534,0
DA:536,0
DA:539,0
BRDA:539,0,0,0
BRDA:539,0,1,0
DA:541,0
DA:542,0
DA:543,0
DA:544,0
DA:546,0
DA:567,0
DA:568,0
BRF:12
BRH:0
LF:79
LH:0
end_of_record
TN:
SF:org/apache/commons/lang3/function/FailableBiPredicate.java
FN:36,lambda$static$0
FN:36,<clinit>
FN:40,lambda$static$1
FN:52,falsePredicate
FN:65,truePredicate
FN:76,and
FN:77,lambda$and$2
FN:86,negate
FN:86,lambda$negate$3
FN:97,or
FN:98,lambda$or$4
FNDA:0,lambda$static$0
FNDA:0,<clinit>
FNDA:0,lambda$static$1
FNDA:0,falsePredicate
FNDA:0,truePredicate
FNDA:0,and
FNDA:0,lambda$and$2
FNDA:0,negate
FNDA:0,lambda$negate$3
FNDA:0,or
FNDA:0,lambda$or$4
FNF:11
FNH:0
DA:36,0
DA:40,0
DA:52,0
DA:65,0
DA:76,0
DA:77,0
BRDA:77,0,0,0
BRDA:77,0,1,0
BRDA:77,0,2,0
BRDA:77,0,3,0
DA:86,0
BRDA:86,0,0,0
BRDA:86,0,1,0
DA:97,0
DA:98,0
BRDA:98,0,0,0
BRDA:98,0,1,0
BRDA:98,0,2,0
BRDA:98,0,3,0
BRF:10
BRH:0
LF:9
LH:0
end_of_record
TN:
SF:org/apache/commons/lang3/function/TriConsumer.java
FN:63,andThen
FN:66,lambda$andThen$0
FNDA:0,andThen
FNDA:0,lambda$andThen$0
FNF:2
FNH:0
DA:63,0
DA:65,0
DA:66,0
DA:67,0
DA:68,0
LF:5
LH:0
end_of_record
TN:
SF:org/apache/commons/lang3/function/FailableToIntFunction.java
FN:34,lambda$static$0
FN:34,<clinit>
FN:45,nop
FNDA:0,lambda$static$0
FNDA:0,<clinit>
FNDA:0,nop
FNF:3
FNH:0
DA:34,0
DA:45,0
LF:2
LH:0
end_of_record
TN:
SF:org/apache/commons/lang3/function/FailableBiConsumer.java
FN:36,lambda$static$0
FN:36,<clinit>
FN:48,nop
FN:68,andThen
FN:70,lambda$andThen$1
FNDA:0,lambda$static$0
FNDA:0,<clinit>
FNDA:0,nop
FNDA:0,andThen
FNDA:0,lambda$andThen$1
FNF:5
FNH:0
DA:36,0
DA:48,0
DA:68,0
DA:69,0
DA:70,0
DA:71,0
DA:72,0
LF:7
LH:0
end_of_record
TN:
SF:org/apache/commons/lang3/function/FailableRunnable.java
LF:0
LH:0
end_of_record
TN:
SF:org/apache/commons/lang3/function/FailableIntToDoubleFunction.java
FN:33,lambda$static$0
FN:33,<clinit>
FN:43,nop
FNDA:0,lambda$static$0
FNDA:0,<clinit>
FNDA:0,nop
FNF:3
FNH:0
DA:33,0
DA:43,0
LF:2
LH:0
end_of_record
TN:
SF:org/apache/commons/lang3/function/TriFunction.java
FN:53,andThen
FN:54,lambda$andThen$0
FNDA:0,andThen
FNDA:0,lambda$andThen$0
FNF:2
FNH:0
DA:53,0
DA:54,0
LF:2
LH:0
end_of_record
TN:
SF:org/apache/commons/lang3/function/FailableBooleanSupplier.java
LF:0
LH:0
end_of_record
TN:
SF:org/apache/commons/lang3/function/FailableBiFunction.java
FN:38,lambda$static$0
FN:38,<clinit>
FN:51,nop
FN:63,andThen
FN:64,lambda$andThen$1
FNDA:0,lambda$static$0
FNDA:0,<clinit>
FNDA:0,nop
FNDA:0,andThen
FNDA:0,lambda$andThen$1
FNF:5
FNH:0
DA:38,0
DA:51,0
DA:63,0
DA:64,0
LF:4
LH:0
end_of_record
TN:
SF:org/apache/commons/lang3/function/FailableIntToLongFunction.java
FN:33,lambda$static$0
FN:33,<clinit>
FN:43,nop
FNDA:0,lambda$static$0
FNDA:0,<clinit>
FNDA:0,nop
FNF:3
FNH:0
DA:33,0
DA:43,0
LF:2
LH:0
end_of_record
TN:
SF:org/apache/commons/lang3/function/FailableDoubleToIntFunction.java
FN:33,lambda$static$0
FN:33,<clinit>
FN:43,nop
FNDA:0,lambda$static$0
FNDA:0,<clinit>
FNDA:0,nop
FNF:3
FNH:0
DA:33,0
DA:43,0
LF:2
LH:0
end_of_record
TN:
SF:org/apache/commons/lang3/function/FailableToDoubleFunction.java
FN:34,lambda$static$0
FN:34,<clinit>
FN:45,nop
FNDA:0,lambda$static$0
FNDA:0,<clinit>
FNDA:0,nop
FNF:3
FNH:0
DA:34,0
DA:45,0
LF:2
LH:0
end_of_record
TN:
SF:org/apache/commons/lang3/function/FailableDoubleBinaryOperator.java
LF:0
LH:0
end_of_record
TN:
SF:org/apache/commons/lang3/function/FailableLongToDoubleFunction.java
FN:33,lambda$static$0
FN:33,<clinit>
FN:43,nop
FNDA:0,lambda$static$0
FNDA:0,<clinit>
FNDA:0,nop
FNF:3
FNH:0
DA:33,0
DA:43,0
LF:2
LH:0
end_of_record
TN:
SF:org/apache/commons/lang3/function/FailableDoubleUnaryOperator.java
FN:33,lambda$static$0
FN:33,<clinit>
FN:42,identity
FN:42,lambda$identity$1
FN:53,nop
FN:67,andThen
FN:68,lambda$andThen$2
FN:91,compose
FN:92,lambda$compose$3
FNDA:0,lambda$static$0
FNDA:0,<clinit>
FNDA:0,identity
FNDA:0,lambda$identity$1
FNDA:0,nop
FNDA:0,andThen
FNDA:0,lambda$andThen$2
FNDA:0,compose
FNDA:0,lambda$compose$3
FNF:9
FNH:0
DA:33,0
DA:42,0
DA:53,0
DA:67,0
DA:68,0
DA:91,0
DA:92,0
LF:7
LH:0
end_of_record
TN:
SF:org/apache/commons/lang3/function/FailableDoubleFunction.java
FN:34,lambda$static$0
FN:34,<clinit>
FN:45,nop
FNDA:0,lambda$static$0
FNDA:0,<clinit>
FNDA:0,nop
FNF:3
FNH:0
DA:34,0
DA:45,0
LF:2
LH:0
end_of_record
TN:
SF:org/apache/commons/lang3/function/FailableIntBinaryOperator.java
LF:0
LH:0
end_of_record
TN:
SF:org/apache/commons/lang3/function/FailableToIntBiFunction.java
FN:35,lambda$static$0
FN:35,<clinit>
FN:47,nop
FNDA:0,lambda$static$0
FNDA:0,<clinit>
FNDA:0,nop
FNF:3
FNH:0
DA:35,0
DA:47,0
LF:2
LH:0
end_of_record
TN:
SF:org/apache/commons/lang3/function/FailableIntSupplier.java
LF:0
LH:0
end_of_record
TN:
SF:org/apache/commons/lang3/function/FailableObjDoubleConsumer.java
FN:34,lambda$static$0
FN:34,<clinit>
FN:45,nop
FNDA:0,lambda$static$0
FNDA:0,<clinit>
FNDA:0,nop
FNF:3
FNH:0
DA:34,0
DA:45,0
LF:2
LH:0
end_of_record
TN:
SF:org/apache/commons/lang3/function/FailableLongBinaryOperator.java
LF:0
LH:0
end_of_record
TN:
SF:org/apache/commons/lang3/function/Functions.java
FN:41,apply
FN:53,function
FNDA:0,apply
FNDA:0,function
FNF:2
FNH:0
DA:41,0
BRDA:41,0,0,0
BRDA:41,0,1,0
DA:53,0
BRF:2
BRH:0
LF:2
LH:0
end_of_record
TN:
SF:lab/sample/model/Trip.java
FN:14,<init>
FN:23,totalDistanceKm
FNDA:1,<init>
FNDA:0,totalDistanceKm
FNF:2
FNH:1
DA:14,1
DA:23,0
DA:24,0
BRDA:24,0,0,0
BRDA:24,0,1,0
DA:25,0
DA:26,0
DA:27,0
BRF:2
BRH:0
LF:6
LH:1
end_of_record
TN:
SF:lab/sample/model/Mode.java
FN:9,<clinit>
FNDA:1,<clinit>
FNF:1
FNH:1
DA:9,1
LF:1
LH:1
end_of_record
TN:
SF:lab/sample/model/Leg.java
FN:4,<init>
FNDA:1,<init>
FNF:1
FNH:1
DA:4,1
LF:1
LH:1
end_of_record
TN:
SF:lab/sample/model/TimeOfDay.java
FN:6,<clinit>
FNDA:1,<clinit>
FNF:1
FNH:1
DA:6,1
LF:1
LH:1
end_of_record
TN:
SF:lab/sample/model/Weather.java
FN:6,<clinit>
FNDA:1,<clinit>
FNF:1
FNH:1
DA:6,1
LF:1
LH:1
end_of_record
TN:
SF:org/apache/commons/lang3/text/WordUtils.java
FN:64,capitalize
FN:97,capitalize
FN:135,capitalizeFully
FN:165,capitalizeFully
FN:195,containsAllWords
FN:232,initials
FN:262,initials
FN:294,isDelimiter
FN:320,swapCase
FN:364,uncapitalize
FN:393,uncapitalize
FN:461,wrap
FN:538,wrap
FN:632,wrap
FN:714,<init>
FNDA:0,capitalize
FNDA:0,capitalize
FNDA:0,capitalizeFully
FNDA:0,capitalizeFully
FNDA:0,containsAllWords
FNDA:0,initials
FNDA:0,initials
FNDA:0,isDelimiter
FNDA:0,swapCase
FNDA:0,uncapitalize
FNDA:0,uncapitalize
FNDA:0,wrap
FNDA:0,wrap
FNDA:0,wrap
FNDA:0,<init>
FNF:15
FNH:0
DA:64,0
DA:97,0
BRDA:97,0,0,0
BRDA:97,0,1,0
DA:98,0
BRDA:98,0,0,0
BRDA:98,0,1,0
BRDA:98,0,2,0
BRDA:98,0,3,0
DA:99,0
DA:101,0
DA:102,0
DA:103,0
BRDA:103,0,0,0
BRDA:103,0,1,0
DA:104,0
DA:105,0
BRDA:105,0,0,0
BRDA:105,0,1,0
DA:106,0
DA:107,0
BRDA:107,0,0,0
BRDA:107,0,1,0
DA:108,0
DA:109,0
DA:112,0
DA:135,0
DA:165,0
BRDA:165,0,0,0
BRDA:165,0,1,0
DA:166,0
BRDA:166,0,0,0
BRDA:166,0,1,0
BRDA:166,0,2,0
BRDA:166,0,3,0
DA:167,0
DA:169,0
DA:195,0
BRDA:195,0,0,0
BRDA:195,0,1,0
BRDA:195,0,2,0
BRDA:195,0,3,0
DA:196,0
DA:198,0
BRDA:198,0,0,0
BRDA:198,0,1,0
DA:199,0
BRDA:199,0,0,0
BRDA:199,0,1,0
DA:200,0
DA:202,0
DA:203,0
BRDA:203,0,0,0
BRDA:203,0,1,0
DA:204,0
DA:207,0
DA:232,0
DA:262,0
BRDA:262,0,0,0
BRDA:262,0,1,0
DA:263,0
DA:265,0
BRDA:265,0,0,0
BRDA:265,0,1,0
BRDA:265,0,2,0
BRDA:265,0,3,0
DA:266,0
DA:268,0
DA:269,0
DA:270,0
DA:271,0
DA:272,0
BRDA:272,0,0,0
BRDA:272,0,1,0
DA:273,0
DA:274,0
BRDA:274,0,0,0
BRDA:274,0,1,0
DA:275,0
DA:276,0
BRDA:276,0,0,0
BRDA:276,0,1,0
DA:277,0
DA:278,0
DA:283,0
DA:294,0
BRDA:294,0,0,0
BRDA:294,0,1,0
DA:320,0
BRDA:320,0,0,0
BRDA:320,0,1,0
DA:321,0
DA:323,0
DA:325,0
DA:327,0
BRDA:327,0,0,0
BRDA:327,0,1,0
DA:328,0
DA:329,0
BRDA:329,0,0,0
BRDA:329,0,1,0
BRDA:329,0,2,0
BRDA:329,0,3,0
DA:330,0
DA:331,0
DA:332,0
BRDA:332,0,0,0
BRDA:332,0,1,0
DA:333,0
BRDA:333,0,0,0
BRDA:333,0,1,0
DA:334,0
DA:335,0
DA:337,0
DA:340,0
DA:343,0
DA:364,0
DA:393,0
BRDA:393,0,0,0
BRDA:393,0,1,0
DA:394,0
BRDA:394,0,0,0
BRDA:394,0,1,0
BRDA:394,0,2,0
BRDA:394,0,3,0
DA:395,0
DA:397,0
DA:398,0
DA:399,0
BRDA:399,0,0,0
BRDA:399,0,1,0
DA:400,0
DA:401,0
BRDA:401,0,0,0
BRDA:401,0,1,0
DA:402,0
DA:403,0
BRDA:403,0,0,0
BRDA:403,0,1,0
DA:404,0
DA:405,0
DA:408,0
DA:461,0
DA:538,0
DA:632,0
BRDA:632,0,0,0
BRDA:632,0,1,0
DA:633,0
DA:635,0
BRDA:635,0,0,0
BRDA:635,0,1,0
DA:636,0
DA:638,0
BRDA:638,0,0,0
BRDA:638,0,1,0
DA:639,0
DA:641,0
BRDA:641,0,0,0
BRDA:641,0,1,0
DA:642,0
DA:644,0
DA:645,0
DA:646,0
DA:647,0
DA:649,0
BRDA:649,0,0,0
BRDA:649,0,1,0
DA:650,0
DA:651,0
DA:652,0
DA:653,0
BRDA:653,0,0,0
BRDA:653,0,1,0
DA:654,0
BRDA:654,0,0,0
BRDA:654,0,1,0
DA:655,0
DA:656,0
DA:658,0
DA:662,0
BRDA:662,0,0,0
BRDA:662,0,1,0
DA:663,0
DA:666,0
BRDA:666,0,0,0
BRDA:666,0,1,0
DA:667,0
DA:670,0
BRDA:670,0,0,0
BRDA:670,0,1,0
DA:672,0
DA:673,0
DA:674,0
DA:677,0
BRDA:677,0,0,0
BRDA:677,0,1,0
DA:679,0
DA:680,0
DA:681,0
DA:684,0
DA:685,0
BRDA:685,0,0,0
BRDA:685,0,1,0
DA:686,0
DA:689,0
BRDA:689,0,0,0
BRDA:689,0,1,0
DA:690,0
DA:691,0
DA:692,0
DA:694,0
DA:695,0
DA:698,0
DA:701,0
DA:703,0
DA:714,0
DA:715,0
BRF:92
BRH:0
LF:125
LH:0
end_of_record
TN:
SF:org/apache/commons/lang3/text/FormatFactory.java
LF:0
LH:0
end_of_record
TN:
SF:org/apache/commons/lang3/text/StrBuilder.java
FN:287,<init>
FN:295,<init>
FN:308,<init>
FN:324,append
FN:349,append
FN:363,append
FN:386,append
FN:413,append
FN:439,append
FN:470,append
FN:500,append
FN:513,append
FN:523,append
FN:533,append
FN:543,append
FN:554,append
FN:571,append
FN:594,append
FN:620,append
FN:643,append
FN:671,append
FN:682,append
FN:705,append
FN:732,append
FN:756,append
FN:784,appendAll
FN:800,appendAll
FN:823,appendAll
FN:842,appendFixedWidthPadLeft
FN:857,appendFixedWidthPadLeft
FN:889,appendFixedWidthPadRight
FN:904,appendFixedWidthPadRight
FN:933,appendln
FN:944,appendln
FN:956,appendln
FN:970,appendln
FN:981,appendln
FN:992,appendln
FN:1003,appendln
FN:1014,appendln
FN:1026,appendln
FN:1038,appendln
FN:1052,appendln
FN:1064,appendln
FN:1078,appendln
FN:1091,appendln
FN:1103,appendln
FN:1117,appendln
FN:1129,appendln
FN:1143,appendln
FN:1161,appendNewLine
FN:1174,appendNull
FN:1188,appendPadding
FN:1218,appendSeparator
FN:1236,appendSeparator
FN:1267,appendSeparator
FN:1297,appendSeparator
FN:1323,appendSeparator
FN:1358,appendSeparator
FN:1379,appendTo
FN:1403,appendWithSeparators
FN:1427,appendWithSeparators
FN:1450,appendWithSeparators
FN:1485,asReader
FN:1526,asTokenizer
FN:1554,asWriter
FN:1565,build
FN:1574,capacity
FN:1588,charAt
FN:1608,clear
FN:1619,contains
FN:1635,contains
FN:1651,contains
FN:1663,delete
FN:1678,deleteAll
FN:1701,deleteAll
FN:1724,deleteAll
FN:1737,deleteCharAt
FN:1751,deleteFirst
FN:1767,deleteFirst
FN:1789,deleteFirst
FN:1801,deleteImpl
FN:1815,endsWith
FN:1841,ensureCapacity
FN:1842,lambda$ensureCapacity$0
FN:1856,equals
FN:1867,equals
FN:1894,equalsIgnoreCase
FN:1919,getChars
FN:1937,getChars
FN:1955,getNewLineText
FN:1964,getNullText
FN:1974,hashCode
FN:1989,indexOf
FN:2000,indexOf
FN:2023,indexOf
FN:2038,indexOf
FN:2053,indexOf
FN:2070,indexOf
FN:2093,insert
FN:2124,insert
FN:2142,insert
FN:2168,insert
FN:2196,insert
FN:2208,insert
FN:2220,insert
FN:2232,insert
FN:2245,insert
FN:2261,insert
FN:2288,isEmpty
FN:2302,isNotEmpty
FN:2312,lastIndexOf
FN:2323,lastIndexOf
FN:2345,lastIndexOf
FN:2360,lastIndexOf
FN:2375,lastIndexOf
FN:2392,lastIndexOf
FN:2420,leftString
FN:2436,length
FN:2457,midString
FN:2475,minimizeCapacity
FN:2476,lambda$minimizeCapacity$1
FN:2493,readFrom
FN:2534,replace
FN:2560,replace
FN:2573,replaceAll
FN:2591,replaceAll
FN:2616,replaceAll
FN:2628,replaceFirst
FN:2647,replaceFirst
FN:2671,replaceFirst
FN:2685,replaceImpl
FN:2715,replaceImpl
FN:2740,reverse
FN:2768,rightString
FN:2788,setCharAt
FN:2804,setLength
FN:2827,setNewLineText
FN:2838,setNullText
FN:2855,size
FN:2868,startsWith
FN:2892,subSequence
FN:2912,substring
FN:2930,substring
FN:2940,toCharArray
FN:2943,lambda$toCharArray$2
FN:2957,toCharArray
FN:2962,lambda$toCharArray$3
FN:2977,toString
FN:2987,toStringBuffer
FN:2998,toStringBuilder
FN:3008,trim
FN:3036,validateIndex
FN:3051,validateRange
FN:214,<init>
FN:221,close
FN:227,flush
FN:232,write
FN:238,write
FN:244,write
FN:250,write
FN:256,write
FN:98,<init>
FN:105,close
FN:110,mark
FN:116,markSupported
FN:122,read
FN:131,read
FN:152,ready
FN:158,reset
FN:164,skip
FN:183,<init>
FN:189,getContent
FN:199,tokenize
FNDA:0,<init>
FNDA:0,<init>
FNDA:0,<init>
FNDA:0,append
FNDA:0,append
FNDA:0,append
FNDA:0,append
FNDA:0,append
FNDA:0,append
FNDA:0,append
FNDA:0,append
FNDA:0,append
FNDA:0,append
FNDA:0,append
FNDA:0,append
FNDA:0,append
FNDA:0,append
FNDA:0,append
FNDA:0,append
FNDA:0,append
FNDA:0,append
FNDA:0,append
FNDA:0,append
FNDA:0,append
FNDA:0,append
FNDA:0,appendAll
FNDA:0,appendAll
FNDA:0,appendAll
FNDA:0,appendFixedWidthPadLeft
FNDA:0,appendFixedWidthPadLeft
FNDA:0,appendFixedWidthPadRight
FNDA:0,appendFixedWidthPadRight
FNDA:0,appendln
FNDA:0,appendln
FNDA:0,appendln
FNDA:0,appendln
FNDA:0,appendln
FNDA:0,appendln
FNDA:0,appendln
FNDA:0,appendln
FNDA:0,appendln
FNDA:0,appendln
FNDA:0,appendln
FNDA:0,appendln
FNDA:0,appendln
FNDA:0,appendln
FNDA:0,appendln
FNDA:0,appendln
FNDA:0,appendln
FNDA:0,appendln
FNDA:0,appendNewLine
FNDA:0,appendNull
FNDA:0,appendPadding
FNDA:0,appendSeparator
FNDA:0,appendSeparator
FNDA:0,appendSeparator
FNDA:0,appendSeparator
FNDA:0,appendSeparator
FNDA:0,appendSeparator
FNDA:0,appendTo
FNDA:0,appendWithSeparators
FNDA:0,appendWithSeparators
FNDA:0,appendWithSeparators
FNDA:0,asReader
FNDA:0,asTokenizer
FNDA:0,asWriter
FNDA:0,build
FNDA:0,capacity
FNDA:0,charAt
FNDA:0,clear
FNDA:0,contains
FNDA:0,contains
FNDA:0,contains
FNDA:0,delete
FNDA:0,deleteAll
FNDA:0,deleteAll
FNDA:0,deleteAll
FNDA:0,deleteCharAt
FNDA:0,deleteFirst
FNDA:0,deleteFirst
FNDA:0,deleteFirst
FNDA:0,deleteImpl
FNDA:0,endsWith
FNDA:0,ensureCapacity
FNDA:0,lambda$ensureCapacity$0
FNDA:0,equals
FNDA:0,equals
FNDA:0,equalsIgnoreCase
FNDA:0,getChars
FNDA:0,getChars
FNDA:0,getNewLineText
FNDA:0,getNullText
FNDA:0,hashCode
FNDA:0,indexOf
FNDA:0,indexOf
FNDA:0,indexOf
FNDA:0,indexOf
FNDA:0,indexOf
FNDA:0,indexOf
FNDA:0,insert
FNDA:0,insert
FNDA:0,insert
FNDA:0,insert
FNDA:0,insert
FNDA:0,insert
FNDA:0,insert
FNDA:0,insert
FNDA:0,insert
FNDA:0,insert
FNDA:0,isEmpty
FNDA:0,isNotEmpty
FNDA:0,lastIndexOf
FNDA:0,lastIndexOf
FNDA:0,lastIndexOf
FNDA:0,lastIndexOf
FNDA:0,lastIndexOf
FNDA:0,lastIndexOf
FNDA:0,leftString
FNDA:0,length
FNDA:0,midString
FNDA:0,minimizeCapacity
FNDA:0,lambda$minimizeCapacity$1
FNDA:0,readFrom
FNDA:0,replace
FNDA:0,replace
FNDA:0,replaceAll
FNDA:0,replaceAll
FNDA:0,replaceAll
FNDA:0,replaceFirst
FNDA:0,replaceFirst
FNDA:0,replaceFirst
FNDA:0,replaceImpl
FNDA:0,replaceImpl
FNDA:0,reverse
FNDA:0,rightString
FNDA:0,setCharAt
FNDA:0,setLength
FNDA:0,setNewLineText
FNDA:0,setNullText
FNDA:0,size
FNDA:0,startsWith
FNDA:0,subSequence
FNDA:0,substring
FNDA:0,substring
FNDA:0,toCharArray
FNDA:0,lambda$toCharArray$2
FNDA:0,toCharArray
FNDA:0,lambda$toCharArray$3
FNDA:0,toString
FNDA:0,toStringBuffer
FNDA:0,toStringBuilder
FNDA:0,trim
FNDA:0,validateIndex
FNDA:0,validateRange
FNDA:0,<init>
FNDA:0,close
FNDA:0,flush
FNDA:0,write
FNDA:0,write
FNDA:0,write
FNDA:0,write
FNDA:0,write
FNDA:0,<init>
FNDA:0,close
FNDA:0,mark
FNDA:0,markSupported
FNDA:0,read
FNDA:0,read
FNDA:0,ready
FNDA:0,reset
FNDA:0,skip
FNDA:0,<init>
FNDA:0,getContent
FNDA:0,tokenize
FNF:174
FNH:0
DA:98,0
DA:99,0
DA:105,0
DA:110,0
DA:111,0
DA:116,0
DA:122,0
BRDA:122,0,0,0
BRDA:122,0,1,0
DA:123,0
DA:125,0
DA:131,0
BRDA:131,0,0,0
BRDA:131,0,1,0
BRDA:131,0,2,0
BRDA:131,0,3,0
BRDA:131,0,4,0
BRDA:131,0,5,0
BRDA:131,0,6,0
BRDA:131,0,7,0
BRDA:131,0,8,0
BRDA:131,0,9,0
DA:133,0
DA:135,0
BRDA:135,0,0,0
BRDA:135,0,1,0
DA:136,0
DA:138,0
BRDA:138,0,0,0
BRDA:138,0,1,0
DA:139,0
DA:141,0
BRDA:141,0,0,0
BRDA:141,0,1,0
DA:142,0
DA:144,0
DA:145,0
DA:146,0
DA:152,0
BRDA:152,0,0,0
BRDA:152,0,1,0
DA:158,0
DA:159,0
DA:164,0
BRDA:164,0,0,0
BRDA:164,0,1,0
DA:165,0
DA:167,0
BRDA:167,0,0,0
BRDA:167,0,1,0
DA:168,0
DA:170,0
DA:171,0
DA:183,0
DA:184,0
DA:189,0
DA:190,0
BRDA:190,0,0,0
BRDA:190,0,1,0
DA:191,0
DA:193,0
DA:199,0
BRDA:199,0,0,0
BRDA:199,0,1,0
DA:200,0
DA:202,0
DA:214,0
DA:215,0
DA:221,0
DA:227,0
DA:232,0
DA:233,0
DA:238,0
DA:239,0
DA:244,0
DA:245,0
DA:250,0
DA:251,0
DA:256,0
DA:257,0
DA:287,0
DA:288,0
DA:295,0
DA:296,0
BRDA:296,0,0,0
BRDA:296,0,1,0
DA:297,0
DA:299,0
DA:300,0
DA:308,0
DA:309,0
BRDA:309,0,0,0
BRDA:309,0,1,0
DA:310,0
DA:312,0
DA:313,0
DA:315,0
DA:324,0
BRDA:324,0,0,0
BRDA:324,0,1,0
DA:325,0
DA:326,0
DA:327,0
DA:328,0
DA:330,0
DA:331,0
DA:332,0
DA:333,0
DA:334,0
DA:336,0
DA:337,0
DA:349,0
DA:350,0
DA:351,0
DA:352,0
DA:363,0
BRDA:363,0,0,0
BRDA:363,0,1,0
DA:364,0
DA:366,0
DA:367,0
BRDA:367,0,0,0
BRDA:367,0,1,0
DA:368,0
DA:369,0
DA:370,0
DA:371,0
DA:373,0
DA:386,0
BRDA:386,0,0,0
BRDA:386,0,1,0
DA:387,0
DA:389,0
BRDA:389,0,0,0
BRDA:389,0,1,0
BRDA:389,0,2,0
BRDA:389,0,3,0
DA:390,0
DA:392,0
BRDA:392,0,0,0
BRDA:392,0,1,0
BRDA:392,0,2,0
BRDA:392,0,3,0
DA:393,0
DA:395,0
BRDA:395,0,0,0
BRDA:395,0,1,0
DA:396,0
DA:397,0
DA:398,0
DA:399,0
DA:401,0
DA:413,0
BRDA:413,0,0,0
BRDA:413,0,1,0
DA:414,0
DA:416,0
BRDA:416,0,0,0
BRDA:416,0,1,0
DA:417,0
DA:418,0
DA:419,0
DA:420,0
DA:421,0
DA:422,0
DA:423,0
DA:425,0
DA:439,0
BRDA:439,0,0,0
BRDA:439,0,1,0
DA:440,0
DA:442,0
BRDA:442,0,0,0
BRDA:442,0,1,0
DA:443,0
DA:444,0
BRDA:444,0,0,0
BRDA:444,0,1,0
BRDA:444,0,2,0
BRDA:444,0,3,0
DA:445,0
DA:447,0
BRDA:447,0,0,0
BRDA:447,0,1,0
BRDA:447,0,2,0
BRDA:447,0,3,0
DA:448,0
DA:450,0
DA:451,0
DA:452,0
DA:453,0
DA:454,0
DA:455,0
DA:457,0
DA:470,0
BRDA:470,0,0,0
BRDA:470,0,1,0
DA:471,0
DA:473,0
BRDA:473,0,0,0
BRDA:473,0,1,0
DA:474,0
DA:476,0
BRDA:476,0,0,0
BRDA:476,0,1,0
DA:477,0
DA:479,0
BRDA:479,0,0,0
BRDA:479,0,1,0
DA:480,0
DA:482,0
BRDA:482,0,0,0
BRDA:482,0,1,0
DA:483,0
DA:485,0
DA:500,0
BRDA:500,0,0,0
BRDA:500,0,1,0
DA:501,0
DA:503,0
DA:513,0
DA:523,0
DA:533,0
DA:543,0
DA:554,0
BRDA:554,0,0,0
BRDA:554,0,1,0
DA:555,0
DA:557,0
BRDA:557,0,0,0
BRDA:557,0,1,0
DA:558,0
DA:560,0
DA:571,0
BRDA:571,0,0,0
BRDA:571,0,1,0
DA:572,0
DA:574,0
DA:575,0
BRDA:575,0,0,0
BRDA:575,0,1,0
DA:576,0
[...]
DA:216,0
DA:229,0
BRDA:229,0,0,0
BRDA:229,0,1,0
DA:230,0
DA:232,0
BRDA:232,0,0,0
BRDA:232,0,1,0
DA:233,0
DA:235,0
DA:249,0
DA:258,0
DA:260,0
BRF:32
BRH:0
LF:50
LH:0
end_of_record
TN:
SF:org/apache/commons/lang3/concurrent/UncheckedFutureImpl.java
FN:37,<init>
FN:43,get
FN:54,get
FNDA:0,<init>
FNDA:0,get
FNDA:0,get
FNF:3
FNH:0
DA:37,0
DA:38,0
DA:43,0
DA:44,0
DA:45,0
DA:46,0
DA:47,0
DA:54,0
DA:55,0
DA:56,0
DA:57,0
DA:58,0
DA:59,0
DA:60,0
LF:14
LH:0
end_of_record
TN:
SF:org/apache/commons/lang3/concurrent/ConcurrentRuntimeException.java
FN:44,<init>
FN:56,<init>
FN:67,<init>
FNDA:0,<init>
FNDA:0,<init>
FNDA:0,<init>
FNF:3
FNH:0
DA:44,0
DA:45,0
DA:56,0
DA:57,0
DA:67,0
DA:68,0
LF:6
LH:0
end_of_record
TN:
SF:org/apache/commons/lang3/concurrent/UncheckedFuture.java
FN:49,map
FN:61,on
FN:73,on
FNDA:0,map
FNDA:0,on
FNDA:0,on
FNF:3
FNH:0
DA:49,0
DA:61,0
DA:73,0
LF:3
LH:0
end_of_record
TN:
SF:org/apache/commons/lang3/concurrent/AtomicInitializer.java
FN:82,<init>
FN:89,get
FN:94,<clinit>
FN:104,builder
FN:108,<init>
FN:108,<init>
FN:138,get
FN:154,getNoInit
FN:162,getTypedException
FN:173,isInitialized
FNDA:0,<init>
FNDA:0,get
FNDA:0,<clinit>
FNDA:0,builder
FNDA:0,<init>
FNDA:0,<init>
FNDA:0,get
FNDA:0,getNoInit
FNDA:0,getTypedException
FNDA:0,isInitialized
FNF:10
FNH:0
DA:82,0
DA:84,0
DA:89,0
DA:94,0
DA:104,0
DA:108,0
DA:113,0
DA:115,0
DA:124,0
DA:125,0
DA:138,0
DA:140,0
BRDA:140,0,0,0
BRDA:140,0,1,0
DA:141,0
DA:142,0
BRDA:142,0,0,0
BRDA:142,0,1,0
DA:144,0
DA:148,0
DA:154,0
DA:162,0
DA:173,0
BRDA:173,0,0,0
BRDA:173,0,1,0
BRF:6
BRH:0
LF:19
LH:0
end_of_record
TN:
SF:org/apache/commons/lang3/concurrent/CircuitBreaker.java
LF:0
LH:0
end_of_record
TN:
SF:org/apache/commons/lang3/concurrent/AbstractCircuitBreaker.java
FN:40,<init>
FN:46,oppositeState
FN:51,<init>
FN:57,oppositeState
FN:83,isOpen
FN:87,<init>
FN:107,addChangeListener
FN:117,changeState
FN:133,close
FN:147,isClosed
FN:155,isOpen
FN:163,open
FN:172,removeChangeListener
FN:37,<clinit>
FNDA:0,<init>
FNDA:0,oppositeState
FNDA:0,<init>
FNDA:0,oppositeState
FNDA:0,isOpen
FNDA:0,<init>
FNDA:0,addChangeListener
FNDA:0,changeState
FNDA:0,close
FNDA:0,isClosed
FNDA:0,isOpen
FNDA:0,open
FNDA:0,removeChangeListener
FNDA:0,<clinit>
FNF:14
FNH:0
DA:37,0
DA:40,0
DA:46,0
DA:51,0
DA:57,0
DA:83,0
BRDA:83,0,0,0
BRDA:83,0,1,0
DA:87,0
DA:95,0
DA:96,0
DA:97,0
DA:107,0
DA:108,0
DA:117,0
BRDA:117,0,0,0
BRDA:117,0,1,0
DA:118,0
BRDA:118,0,0,0
BRDA:118,0,1,0
DA:120,0
DA:133,0
DA:134,0
DA:147,0
BRDA:147,0,0,0
BRDA:147,0,1,0
DA:155,0
DA:163,0
DA:164,0
DA:172,0
DA:173,0
BRF:8
BRH:0
LF:23
LH:0
end_of_record
TN:
SF:org/apache/commons/lang3/concurrent/AbstractFutureProxy.java
FN:40,<init>
FN:46,cancel
FN:51,get
FN:56,get
FN:65,getFuture
FN:70,isCancelled
FN:75,isDone
FNDA:0,<init>
FNDA:0,cancel
FNDA:0,get
FNDA:0,get
FNDA:0,getFuture
FNDA:0,isCancelled
FNDA:0,isDone
FNF:7
FNH:0
DA:40,0
DA:41,0
DA:42,0
DA:46,0
DA:51,0
DA:56,0
DA:65,0
DA:70,0
DA:75,0
LF:9
LH:0
end_of_record
TN:
SF:org/apache/commons/lang3/concurrent/ConcurrentInitializer.java
LF:0
LH:0
end_of_record
TN:
SF:org/apache/commons/lang3/concurrent/ThresholdCircuitBreaker.java
FN:73,<init>
FN:83,checkState
FN:93,close
FN:103,getThreshold
FN:113,incrementAndCheckState
FNDA:0,<init>
FNDA:0,checkState
FNDA:0,close
FNDA:0,getThreshold
FNDA:0,incrementAndCheckState
FNF:5
FNH:0
DA:73,0
DA:74,0
DA:75,0
DA:76,0
DA:83,0
BRDA:83,0,0,0
BRDA:83,0,1,0
DA:93,0
DA:94,0
DA:95,0
DA:103,0
DA:113,0
BRDA:113,0,0,0
BRDA:113,0,1,0
DA:114,0
DA:117,0
DA:118,0
BRDA:118,0,0,0
BRDA:118,0,1,0
DA:119,0
DA:122,0
BRF:6
BRH:0
LF:15
LH:0
end_of_record
TN:
SF:org/apache/commons/lang3/concurrent/FutureTasks.java
FN:37,run
FNDA:0,run
FNF:1
FNH:0
DA:37,0
DA:38,0
DA:39,0
LF:3
LH:0
end_of_record
TN:
SF:org/apache/commons/lang3/concurrent/BackgroundInitializer.java
FN:107,<init>
FN:114,get
FN:126,setExternalExecutor
FN:172,builder
FN:189,<init>
FN:202,<init>
FN:214,<init>
FN:225,createExecutor
FN:240,createTask
FN:260,get
FN:281,getActiveExecutor
FN:290,getExternalExecutor
FN:302,getFuture
FN:321,getTaskCount
FN:330,getTypedException
FN:343,isInitialized
FN:363,isStarted
FN:382,setExternalExecutor
FN:402,start
FN:142,<init>
FN:155,call
FNDA:0,<init>
FNDA:0,get
FNDA:0,setExternalExecutor
FNDA:0,builder
FNDA:0,<init>
FNDA:0,<init>
FNDA:0,<init>
FNDA:0,createExecutor
FNDA:0,createTask
FNDA:0,get
FNDA:0,getActiveExecutor
FNDA:0,getExternalExecutor
FNDA:0,getFuture
FNDA:0,getTaskCount
FNDA:0,getTypedException
FNDA:0,isInitialized
FNDA:0,isStarted
FNDA:0,setExternalExecutor
FNDA:0,start
FNDA:0,<init>
FNDA:0,call
FNF:21
FNH:0
DA:107,0
DA:109,0
DA:114,0
DA:126,0
DA:127,0
DA:142,0
DA:143,0
DA:144,0
DA:155,0
DA:157,0
BRDA:157,0,0,0
BRDA:157,0,1,0
DA:158,0
DA:172,0
DA:189,0
DA:190,0
DA:202,0
DA:203,0
DA:204,0
DA:214,0
DA:215,0
DA:216,0
DA:225,0
DA:240,0
DA:260,0
DA:261,0
DA:262,0
DA:263,0
DA:264,0
DA:266,0
DA:267,0
DA:281,0
DA:290,0
DA:302,0
BRDA:302,0,0,0
BRDA:302,0,1,0
DA:303,0
DA:306,0
DA:321,0
DA:330,0
DA:343,0
BRDA:343,0,0,0
BRDA:343,0,1,0
BRDA:343,0,2,0
BRDA:343,0,3,0
DA:344,0
DA:348,0
DA:349,0
DA:350,0
DA:351,0
DA:363,0
BRDA:363,0,0,0
BRDA:363,0,1,0
DA:382,0
BRDA:382,0,0,0
BRDA:382,0,1,0
DA:383,0
DA:387,0
DA:388,0
DA:402,0
BRDA:402,0,0,0
BRDA:402,0,1,0
DA:407,0
DA:408,0
BRDA:408,0,0,0
BRDA:408,0,1,0
DA:409,0
DA:411,0
DA:414,0
DA:416,0
DA:419,0
BRF:16
BRH:0
LF:55
LH:0
end_of_record
TN:
SF:org/apache/commons/lang3/concurrent/BasicThreadFactory.java
FN:123,<init>
FN:136,build
FN:150,daemon
FN:163,namingPattern
FN:175,priority
FN:186,reset
FN:204,uncaughtExceptionHandler
FN:219,wrappedFactory
FN:248,<init>
FN:266,getDaemonFlag
FN:276,getNamingPattern
FN:286,getPriority
FN:297,getThreadCount
FN:307,getUncaughtExceptionHandler
FN:319,getWrappedFactory
FN:331,initializeThread
FN:356,newThread
FNDA:0,<init>
FNDA:0,build
FNDA:0,daemon
FNDA:0,namingPattern
FNDA:0,priority
FNDA:0,reset
FNDA:0,uncaughtExceptionHandler
FNDA:0,wrappedFactory
FNDA:0,<init>
FNDA:0,getDaemonFlag
FNDA:0,getNamingPattern
FNDA:0,getPriority
FNDA:0,getThreadCount
FNDA:0,getUncaughtExceptionHandler
FNDA:0,getWrappedFactory
FNDA:0,initializeThread
FNDA:0,newThread
FNF:17
FNH:0
DA:123,0
DA:125,0
DA:136,0
DA:137,0
DA:138,0
DA:150,0
DA:151,0
DA:163,0
DA:164,0
DA:175,0
DA:176,0
DA:186,0
DA:187,0
DA:188,0
DA:189,0
DA:190,0
DA:191,0
DA:204,0
DA:205,0
DA:219,0
DA:220,0
DA:248,0
DA:249,0
BRDA:249,0,0,0
BRDA:249,0,1,0
DA:250,0
DA:251,0
DA:252,0
DA:253,0
DA:254,0
DA:255,0
DA:266,0
DA:276,0
DA:286,0
DA:297,0
DA:307,0
DA:319,0
DA:331,0
BRDA:331,0,0,0
BRDA:331,0,1,0
DA:332,0
DA:333,0
DA:335,0
BRDA:335,0,0,0
BRDA:335,0,1,0
DA:336,0
DA:338,0
BRDA:338,0,0,0
BRDA:338,0,1,0
DA:339,0
DA:341,0
BRDA:341,0,0,0
BRDA:341,0,1,0
DA:342,0
DA:344,0
DA:356,0
DA:357,0
DA:358,0
BRF:10
BRH:0
LF:48
LH:0
end_of_record
TN:
SF:org/apache/commons/lang3/concurrent/ConcurrentUtils.java
FN:49,<init>
FN:59,cancel
FN:67,get
FN:76,get
FN:85,isCancelled
FN:95,isDone
FN:109,checkedException
FN:128,constantFuture
FN:153,createIfAbsent
FN:182,createIfAbsentUnchecked
FN:207,extractCause
FN:228,extractCauseUnchecked
FN:251,handleCause
FN:272,handleCauseUnchecked
FN:294,initialize
FN:312,initializeUnchecked
FN:351,putIfAbsent
FNDA:0,<init>
FNDA:0,cancel
FNDA:0,get
FNDA:0,get
FNDA:0,isCancelled
FNDA:0,isDone
FNDA:0,checkedException
FNDA:0,constantFuture
FNDA:0,createIfAbsent
FNDA:0,createIfAbsentUnchecked
FNDA:0,extractCause
FNDA:0,extractCauseUnchecked
FNDA:0,handleCause
FNDA:0,handleCauseUnchecked
FNDA:0,initialize
FNDA:0,initializeUnchecked
FNDA:0,putIfAbsent
FNF:17
FNH:0
DA:49,0
DA:50,0
DA:51,0
DA:59,0
DA:67,0
DA:76,0
DA:85,0
DA:95,0
DA:109,0
DA:110,0
DA:128,0
DA:153,0
BRDA:153,0,0,0
BRDA:153,0,1,0
BRDA:153,0,2,0
BRDA:153,0,3,0
DA:154,0
DA:157,0
DA:158,0
BRDA:158,0,0,0
BRDA:158,0,1,0
DA:159,0
DA:161,0
DA:182,0
DA:183,0
DA:184,0
DA:207,0
BRDA:207,0,0,0
BRDA:207,0,1,0
BRDA:207,0,2,0
BRDA:207,0,3,0
DA:208,0
DA:210,0
DA:211,0
DA:228,0
BRDA:228,0,0,0
BRDA:228,0,1,0
BRDA:228,0,2,0
BRDA:228,0,3,0
DA:229,0
DA:232,0
DA:233,0
DA:251,0
DA:253,0
BRDA:253,0,0,0
BRDA:253,0,1,0
DA:254,0
DA:256,0
DA:272,0
DA:274,0
BRDA:274,0,0,0
BRDA:274,0,1,0
DA:275,0
DA:277,0
DA:294,0
BRDA:294,0,0,0
BRDA:294,0,1,0
DA:312,0
DA:313,0
DA:314,0
DA:351,0
BRDA:351,0,0,0
BRDA:351,0,1,0
DA:352,0
DA:355,0
DA:356,0
BRDA:356,0,0,0
BRDA:356,0,1,0
BRF:24
BRH:0
LF:44
LH:0
end_of_record
TN:
SF:org/apache/commons/lang3/concurrent/ConcurrentException.java
FN:41,<init>
FN:53,<init>
FN:64,<init>
FNDA:0,<init>
FNDA:0,<init>
FNDA:0,<init>
FNF:3
FNH:0
DA:41,0
DA:42,0
DA:53,0
DA:54,0
DA:64,0
DA:65,0
LF:6
LH:0
end_of_record
TN:
SF:org/apache/commons/lang3/concurrent/ConstantInitializer.java
FN:56,<init>
FN:71,equals
FN:91,get
FN:102,getObject
FN:113,hashCode
FN:124,isInitialized
FN:136,toString
FNDA:0,<init>
FNDA:0,equals
FNDA:0,get
FNDA:0,getObject
FNDA:0,hashCode
FNDA:0,isInitialized
FNDA:0,toString
FNF:7
FNH:0
DA:56,0
DA:57,0
DA:58,0
DA:71,0
BRDA:71,0,0,0
BRDA:71,0,1,0
DA:72,0
DA:74,0
BRDA:74,0,0,0
BRDA:74,0,1,0
DA:75,0
DA:78,0
DA:79,0
DA:91,0
DA:102,0
DA:113,0
DA:124,0
DA:136,0
BRF:4
BRH:0
LF:14
LH:0
end_of_record
TN:
SF:org/apache/commons/lang3/concurrent/EventCountCircuitBreaker.java
FN:219,isCheckIntervalFinished
FN:239,<init>
FN:246,fetchCheckInterval
FN:255,isStateTransition
FN:284,<clinit>
FN:293,createStrategyMap
FN:307,stateStrategy
FN:336,<init>
FN:354,<init>
FN:376,<init>
FN:391,changeStateAndStartNewCheckInterval
FN:405,checkState
FN:419,close
FN:429,getClosingInterval
FN:440,getClosingThreshold
FN:449,getOpeningInterval
FN:460,getOpeningThreshold
FN:472,incrementAndCheckState
FN:480,incrementAndCheckState
FN:490,nanoTime
FN:507,nextCheckIntervalData
FN:526,open
FN:543,performStateCheck
FN:570,updateCheckIntervalData
FN:262,<init>
FN:268,fetchCheckInterval
FN:277,isStateTransition
FN:158,<init>
FN:169,getCheckIntervalStart
FN:178,getEventCount
FN:189,increment
FNDA:0,isCheckIntervalFinished
FNDA:0,<init>
FNDA:0,fetchCheckInterval
FNDA:0,isStateTransition
FNDA:0,<clinit>
FNDA:0,createStrategyMap
FNDA:0,stateStrategy
FNDA:0,<init>
FNDA:0,<init>
FNDA:0,<init>
FNDA:0,changeStateAndStartNewCheckInterval
FNDA:0,checkState
FNDA:0,close
FNDA:0,getClosingInterval
FNDA:0,getClosingThreshold
FNDA:0,getOpeningInterval
FNDA:0,getOpeningThreshold
FNDA:0,incrementAndCheckState
FNDA:0,incrementAndCheckState
FNDA:0,nanoTime
FNDA:0,nextCheckIntervalData
FNDA:0,open
FNDA:0,performStateCheck
FNDA:0,updateCheckIntervalData
FNDA:0,<init>
FNDA:0,fetchCheckInterval
FNDA:0,isStateTransition
FNDA:0,<init>
FNDA:0,getCheckIntervalStart
FNDA:0,getEventCount
FNDA:0,increment
FNF:31
FNH:0
DA:158,0
DA:159,0
DA:160,0
DA:161,0
DA:169,0
DA:178,0
DA:189,0
BRDA:189,0,0,0
BRDA:189,0,1,0
DA:190,0
DA:219,0
BRDA:219,0,0,0
BRDA:219,0,1,0
DA:239,0
DA:246,0
DA:255,0
BRDA:255,0,0,0
BRDA:255,0,1,0
DA:262,0
DA:268,0
DA:277,0
DA:278,0
BRDA:278,0,0,0
BRDA:278,0,1,0
DA:279,0
BRDA:279,0,0,0
BRDA:279,0,1,0
DA:284,0
DA:293,0
DA:294,0
DA:295,0
DA:296,0
DA:307,0
DA:336,0
DA:337,0
DA:354,0
DA:356,0
DA:376,0
DA:377,0
DA:378,0
DA:379,0
DA:380,0
DA:381,0
DA:382,0
DA:391,0
DA:392,0
DA:393,0
DA:405,0
DA:419,0
DA:420,0
DA:421,0
DA:429,0
DA:440,0
DA:449,0
DA:460,0
DA:472,0
DA:480,0
DA:490,0
DA:507,0
BRDA:507,0,0,0
BRDA:507,0,1,0
DA:508,0
DA:510,0
DA:512,0
DA:526,0
DA:527,0
DA:528,0
DA:543,0
DA:544,0
DA:545,0
DA:546,0
DA:547,0
BRDA:547,0,0,0
BRDA:547,0,1,0
DA:551,0
BRDA:551,0,0,0
BRDA:551,0,1,0
DA:552,0
DA:553,0
DA:555,0
BRDA:555,0,0,0
BRDA:555,0,1,0
DA:570,0
BRDA:570,0,0,0
BRDA:570,0,1,0
DA:571,0
BRDA:571,0,0,0
BRDA:571,0,1,0
BRF:22
BRH:0
LF:66
LH:0
end_of_record
TN:
SF:org/apache/commons/lang3/concurrent/Computable.java
LF:0
LH:0
end_of_record
TN:
SF:org/apache/commons/lang3/concurrent/UncheckedExecutionException.java
FN:39,<init>
FNDA:0,<init>
FNF:1
FNH:0
DA:39,0
DA:40,0
LF:2
LH:0
end_of_record
TN:
SF:org/apache/commons/lang3/concurrent/CircuitBreakingException.java
FN:34,<init>
FN:43,<init>
FN:53,<init>
FN:62,<init>
FNDA:0,<init>
FNDA:0,<init>
FNDA:0,<init>
FNDA:0,<init>
FNF:4
FNH:0
DA:34,0
DA:35,0
DA:43,0
DA:44,0
DA:53,0
DA:54,0
DA:62,0
DA:63,0
LF:8
LH:0
end_of_record
TN:
SF:org/apache/commons/lang3/concurrent/LazyInitializer.java
FN:86,<init>
FN:93,get
FN:101,<clinit>
FN:111,builder
FN:115,<init>
FN:115,<init>
FN:145,get
FN:164,getTypedException
FN:175,isInitialized
FNDA:0,<init>
FNDA:0,get
FNDA:0,<clinit>
FNDA:0,builder
FNDA:0,<init>
FNDA:0,<init>
FNDA:0,get
FNDA:0,getTypedException
FNDA:0,isInitialized
FNF:9
FNH:0
DA:86,0
DA:88,0
DA:93,0
DA:101,0
DA:111,0
DA:115,0
DA:121,0
DA:123,0
DA:132,0
DA:133,0
DA:145,0
DA:147,0
BRDA:147,0,0,0
BRDA:147,0,1,0
DA:148,0
DA:149,0
DA:150,0
BRDA:150,0,0,0
BRDA:150,0,1,0
DA:151,0
DA:153,0
DA:156,0
DA:164,0
DA:175,0
BRDA:175,0,0,0
BRDA:175,0,1,0
BRF:6
BRH:0
LF:20
LH:0
end_of_record
TN:
SF:org/apache/commons/lang3/concurrent/AbstractConcurrentInitializer.java
FN:120,<init>
FN:129,<init>
FN:141,close
FN:179,initialize
FN:50,<init>
FN:70,getCloser
FN:79,getInitializer
FN:89,setCloser
FN:100,setInitializer
FNDA:0,<init>
FNDA:0,<init>
FNDA:0,close
FNDA:0,initialize
FNDA:0,<init>
FNDA:0,getCloser
FNDA:0,getInitializer
FNDA:0,setCloser
FNDA:0,setInitializer
FNF:9
FNH:0
DA:50,0
DA:55,0
DA:60,0
DA:62,0
DA:70,0
DA:79,0
DA:89,0
BRDA:89,0,0,0
BRDA:89,0,1,0
DA:90,0
DA:100,0
BRDA:100,0,0,0
BRDA:100,0,1,0
DA:101,0
DA:120,0
DA:121,0
DA:129,0
DA:130,0
DA:131,0
DA:132,0
DA:141,0
BRDA:141,0,0,0
BRDA:141,0,1,0
DA:143,0
DA:144,0
DA:152,0
DA:153,0
DA:155,0
DA:179,0
DA:180,0
DA:182,0
DA:188,0
DA:189,0
BRDA:189,0,0,0
BRDA:189,0,1,0
DA:190,0
DA:192,0
BRF:8
BRH:0
LF:29
LH:0
end_of_record
TN:
SF:org/apache/commons/lang3/concurrent/AtomicSafeInitializer.java
FN:71,<init>
FN:78,get
FN:83,<clinit>
FN:93,builder
FN:97,<init>
FN:97,<init>
FN:130,get
FN:142,getNoInit
FN:150,getTypedException
FN:161,isInitialized
FNDA:0,<init>
FNDA:0,get
FNDA:0,<clinit>
FNDA:0,builder
FNDA:0,<init>
FNDA:0,<init>
FNDA:0,get
FNDA:0,getNoInit
FNDA:0,getTypedException
FNDA:0,isInitialized
FNF:10
FNH:0
DA:71,0
DA:73,0
DA:78,0
DA:83,0
DA:93,0
DA:97,0
DA:100,0
DA:105,0
DA:107,0
DA:116,0
DA:117,0
DA:130,0
BRDA:130,0,0,0
BRDA:130,0,1,0
DA:131,0
BRDA:131,0,0,0
BRDA:131,0,1,0
DA:132,0
DA:136,0
DA:142,0
DA:150,0
DA:161,0
BRDA:161,0,0,0
BRDA:161,0,1,0
BRF:6
BRH:0
LF:18
LH:0
end_of_record
TN:
SF:org/apache/commons/lang3/concurrent/Memoizer.java
FN:50,<init>
FN:50,<init>
FN:65,<init>
FN:78,lambda$new$1
FN:78,lambda$new$0
FN:93,<init>
FN:107,lambda$new$3
FN:107,lambda$new$2
FN:126,compute
FN:148,launderException
FNDA:0,<init>
FNDA:0,<init>
FNDA:0,<init>
FNDA:0,lambda$new$1
FNDA:0,lambda$new$0
FNDA:0,<init>
FNDA:0,lambda$new$3
FNDA:0,lambda$new$2
FNDA:0,compute
FNDA:0,launderException
FNF:10
FNH:0
DA:50,0
DA:65,0
DA:66,0
DA:76,0
DA:77,0
DA:78,0
DA:79,0
DA:93,0
DA:94,0
DA:105,0
DA:106,0
DA:107,0
DA:108,0
DA:126,0
DA:128,0
DA:129,0
DA:130,0
DA:131,0
DA:132,0
BRDA:132,0,0,0
BRDA:132,0,1,0
DA:133,0
DA:135,0
DA:136,0
DA:137,0
DA:148,0
BRF:2
BRH:0
LF:24
LH:0
end_of_record
TN:
SF:org/apache/commons/lang3/concurrent/CallableBackgroundInitializer.java
FN:78,<init>
FN:95,<init>
FN:108,checkCallable
FN:117,getTypedException
FN:130,initialize
FNDA:0,<init>
FNDA:0,<init>
FNDA:0,checkCallable
FNDA:0,getTypedException
FNDA:0,initialize
FNF:5
FNH:0
DA:78,0
DA:79,0
DA:80,0
DA:81,0
DA:95,0
DA:96,0
DA:97,0
DA:98,0
DA:108,0
DA:109,0
DA:117,0
DA:130,0
LF:12
LH:0
end_of_record
TN:
SF:org/apache/commons/lang3/concurrent/TimedSemaphore.java
FN:196,<init>
FN:212,<init>
FN:245,acquire
FN:265,acquirePermit
FN:278,endOfPeriod
FN:292,getAcquireCount
FN:307,getAvailablePermits
FN:320,getAverageCallsPerPeriod
FN:330,getExecutorService
FN:344,getLastAcquiresPerPeriod
FN:355,getLimit
FN:366,getPeriod
FN:375,getUnit
FN:386,isShutdown
FN:394,prepareAcquire
FN:414,setLimit
FN:423,shutdown
FN:446,startTimer
FN:461,tryAcquire
FNDA:0,<init>
FNDA:0,<init>
FNDA:0,acquire
FNDA:0,acquirePermit
FNDA:0,endOfPeriod
FNDA:0,getAcquireCount
FNDA:0,getAvailablePermits
FNDA:0,getAverageCallsPerPeriod
FNDA:0,getExecutorService
FNDA:0,getLastAcquiresPerPeriod
FNDA:0,getLimit
FNDA:0,getPeriod
FNDA:0,getUnit
FNDA:0,isShutdown
FNDA:0,prepareAcquire
FNDA:0,setLimit
FNDA:0,shutdown
FNDA:0,startTimer
FNDA:0,tryAcquire
FNF:19
FNH:0
DA:196,0
DA:197,0
DA:212,0
DA:213,0
DA:215,0
DA:216,0
DA:218,0
BRDA:218,0,0,0
BRDA:218,0,1,0
DA:219,0
DA:220,0
DA:222,0
DA:224,0
DA:225,0
DA:226,0
DA:227,0
DA:230,0
DA:231,0
DA:245,0
DA:249,0
DA:250,0
BRDA:250,0,0,0
BRDA:250,0,1,0
DA:251,0
DA:253,0
BRDA:253,0,0,0
BRDA:253,0,1,0
DA:254,0
DA:265,0
BRDA:265,0,0,0
BRDA:265,0,1,0
BRDA:265,0,2,0
BRDA:265,0,3,0
DA:266,0
DA:267,0
DA:269,0
DA:278,0
DA:279,0
DA:280,0
DA:281,0
DA:282,0
DA:283,0
DA:292,0
DA:307,0
DA:320,0
BRDA:320,0,0,0
BRDA:320,0,1,0
DA:321,0
DA:330,0
DA:344,0
DA:355,0
DA:366,0
DA:375,0
DA:386,0
DA:394,0
BRDA:394,0,0,0
BRDA:394,0,1,0
DA:395,0
DA:398,0
BRDA:398,0,0,0
BRDA:398,0,1,0
DA:399,0
DA:401,0
DA:414,0
DA:415,0
DA:423,0
BRDA:423,0,0,0
BRDA:423,0,1,0
DA:425,0
BRDA:425,0,0,0
BRDA:425,0,1,0
DA:428,0
DA:430,0
BRDA:430,0,0,0
BRDA:430,0,1,0
DA:431,0
DA:434,0
DA:436,0
DA:446,0
DA:461,0
DA:462,0
BRF:22
BRH:0
LF:59
LH:0
end_of_record
TN:
SF:org/apache/commons/lang3/concurrent/UncheckedTimeoutException.java
FN:39,<init>
FNDA:0,<init>
FNF:1
FNH:0
DA:39,0
DA:40,0
LF:2
LH:0
end_of_record
TN:
SF:org/apache/commons/lang3/concurrent/MultiBackgroundInitializer.java
FN:237,<init>
FN:237,<init>
FN:270,addInitializer
FN:289,close
FN:326,getTaskCount
FN:342,initialize
FN:350,lambda$initialize$0
FN:362,lambda$initialize$1
FN:380,isInitialized
FN:132,<init>
FN:148,checkName
FN:168,getException
FN:181,getInitializer
FN:197,getResultObject
FN:209,initializerNames
FN:221,isException
FN:232,isSuccessful
FNDA:0,<init>
FNDA:0,<init>
FNDA:0,addInitializer
FNDA:0,close
FNDA:0,getTaskCount
FNDA:0,initialize
FNDA:0,lambda$initialize$0
FNDA:0,lambda$initialize$1
FNDA:0,isInitialized
FNDA:0,<init>
FNDA:0,checkName
FNDA:0,getException
FNDA:0,getInitializer
FNDA:0,getResultObject
FNDA:0,initializerNames
FNDA:0,isException
FNDA:0,isSuccessful
FNF:17
FNH:0
DA:132,0
DA:133,0
DA:134,0
DA:135,0
DA:136,0
DA:148,0
DA:149,0
BRDA:149,0,0,0
BRDA:149,0,1,0
DA:150,0
DA:154,0
DA:168,0
DA:169,0
DA:181,0
DA:197,0
DA:198,0
DA:209,0
DA:221,0
DA:222,0
DA:232,0
DA:237,0
DA:242,0
DA:243,0
DA:253,0
DA:254,0
DA:270,0
DA:271,0
DA:273,0
DA:274,0
BRDA:274,0,0,0
BRDA:274,0,1,0
DA:275,0
DA:277,0
DA:278,0
DA:279,0
DA:289,0
DA:291,0
BRDA:291,0,0,0
BRDA:291,0,1,0
DA:293,0
DA:294,0
DA:295,0
BRDA:295,0,0,0
BRDA:295,0,1,0
DA:296,0
DA:299,0
BRDA:299,0,0,0
BRDA:299,0,1,0
DA:302,0
DA:304,0
DA:306,0
DA:307,0
DA:309,0
BRDA:309,0,0,0
BRDA:309,0,1,0
DA:310,0
DA:312,0
DA:326,0
DA:342,0
DA:344,0
DA:345,0
DA:348,0
DA:349,0
DA:350,0
BRDA:350,0,0,0
BRDA:350,0,1,0
DA:352,0
DA:354,0
DA:355,0
DA:358,0
DA:359,0
DA:360,0
DA:362,0
DA:363,0
DA:364,0
DA:365,0
DA:366,0
DA:368,0
DA:380,0
BRDA:380,0,0,0
BRDA:380,0,1,0
DA:381,0
DA:384,0
BRF:16
BRH:0
LF:67
LH:0
end_of_record
TN:
SF:lab/sample/speed/CarSpeed.java
FN:6,<init>
FN:10,kmPerHour
FNDA:1,<init>
FNDA:1,kmPerHour
FNF:2
FNH:2
DA:6,1
DA:10,1
BRDA:10,0,0,1
BRDA:10,0,1,0
DA:11,1
DA:13,0
BRDA:13,0,0,0
BRDA:13,0,1,0
BRF:4
BRH:1
LF:4
LH:3
end_of_record
TN:
SF:lab/sample/speed/Speeds.java
FN:10,<clinit>
FN:18,forMode
FNDA:1,<clinit>
FNDA:1,forMode
FNF:2
FNH:2
DA:10,1
DA:11,1
DA:12,1
DA:13,1
DA:18,1
BRDA:18,0,0,1
BRDA:18,0,1,1
BRDA:18,0,2,1
BRDA:18,0,3,0
BRDA:18,0,4,0
DA:19,1
DA:20,1
DA:21,1
DA:22,0
DA:26,0
BRF:5
BRH:3
LF:10
LH:8
end_of_record
TN:
SF:lab/sample/speed/TrainSpeed.java
FN:6,<init>
FN:10,kmPerHour
FNDA:1,<init>
FNDA:1,kmPerHour
FNF:2
FNH:2
DA:6,1
DA:10,1
BRDA:10,0,0,1
BRDA:10,0,1,0
BRF:2
BRH:1
LF:2
LH:2
end_of_record
TN:
SF:lab/sample/speed/PlaneSpeed.java
FN:9,<init>
FN:13,kmPerHour
FNDA:0,<init>
FNDA:0,kmPerHour
FNF:2
FNH:0
DA:9,0
DA:13,0
BRDA:13,0,0,0
BRDA:13,0,1,0
BRF:2
BRH:0
LF:2
LH:0
end_of_record
TN:
SF:lab/sample/speed/BikeSpeed.java
FN:6,<init>
FN:10,kmPerHour
FNDA:1,<init>
FNDA:1,kmPerHour
FNF:2
FNH:2
DA:6,1
DA:10,1
BRDA:10,0,0,1
BRDA:10,0,1,0
BRF:2
BRH:1
LF:2
LH:2
end_of_record
TN:
SF:lab/sample/speed/WalkSpeed.java
FN:6,<init>
FN:10,kmPerHour
FNDA:1,<init>
FNDA:0,kmPerHour
FNF:2
FNH:1
DA:6,1
DA:10,0
LF:2
LH:1
end_of_record
TN:
SF:lab/sample/speed/SpeedModel.java
LF:0
LH:0
end_of_record
